========== Initialization ================================
Setting up the grid world...
Setting up the grid world MDP...
Setting up the abstract grid world MDP...
Setting up the initial state, abstract state, and action...
Setting up the initial policy...
========== Simulator =====================================
Current State: 0
Current Abstract State: abstract_0
Current Action: SOUTH
R  ↓  →  ∅  ∅  ∅  ■  ∅  →  ∅  ∅  ■  ∅  ∅  →  ∅  ∅  →  ∅  ∅  
↓  ↓  ↓  ∅  ∅  →  ∅  ∅  →  ∅  ∅  →  ∅  ∅  →  ∅  ∅  →  ∅  ■  
↓  ↓  ↓  ↓  ↓  ■  ∅  ∅  ■  ↓  ↓  →  ↓  ↓  →  ↓  ■  →  ↓  ↓  
∅  ∅  →  ∅  ∅  ∅  ■  ■  ■  ∅  ∅  →  ∅  ∅  →  ∅  ■  →  ∅  ∅  
∅  ∅  →  ∅  ∅  →  ∅  ∅  ∅  ■  ∅  →  ∅  ∅  ∅  ■  ∅  →  ∅  ∅  
↓  ■  →  ↓  ↓  →  ↓  ↓  →  ↓  ∅  →  ↓  ↓  →  ↓  ↓  →  ↓  ↓  
∅  ■  →  ∅  ∅  →  ∅  ∅  →  ∅  ■  →  ∅  ∅  →  ∅  ∅  →  ∅  ∅  
■  ∅  →  ∅  ∅  →  ∅  ∅  →  ∅  ∅  →  ∅  ∅  ■  ∅  ∅  ■  ∅  ∅  
∅  ↓  →  ↓  ■  →  ↓  ↓  →  ↓  ↓  →  ↓  ∅  →  ↓  ∅  →  ↓  ↓  
■  ∅  →  ∅  ∅  →  ∅  ∅  →  ∅  ∅  →  ∅  ■  →  ∅  ■  →  ∅  ∅  
∅  ∅  →  ∅  ∅  →  ∅  ∅  ■  ∅  ∅  →  ∅  ∅  ■  ∅  ∅  ■  ∅  ∅  
∅  ↓  →  ↓  ↓  →  ↓  ∅  →  ↓  ↓  →  ↓  ↓  ↓  ■  ↓  →  ↓  ↓  
■  ∅  →  ∅  ∅  →  ∅  ■  →  ∅  ∅  →  ∅  ∅  →  ∅  ∅  ■  ∅  ∅  
∅  ■  →  ∅  ∅  →  ∅  ■  →  ∅  ■  →  ∅  ∅  ■  ∅  ∅  →  ∅  ∅  
↓  ↓  →  ↓  ↓  →  ↓  ↓  ■  ↓  ↓  →  ↓  ↓  →  ∅  ↓  →  ↓  ↓  
∅  ∅  ■  ∅  ∅  →  ∅  ∅  →  ∅  ∅  →  ∅  ∅  ∅  ■  ∅  →  ∅  ∅  
∅  ∅  →  ∅  ∅  →  ∅  ∅  →  ∅  ∅  →  ∅  ∅  ∅  ■  ∅  →  ∅  ∅  
↓  ■  →  ↓  ↓  →  ↓  ↓  ↓  ↓  ■  ■  ∅  ↓  →  ↓  ■  →  ↓  ↓  
∅  ∅  →  ∅  ∅  →  ∅  ∅  →  ∅  ∅  ∅  ■  ∅  →  ∅  ∅  →  ∅  ↓  
∅  ∅  ∅  ■  ∅  →  ∅  ∅  →  ∅  ∅  →  ∅  ∅  ■  ∅  ∅  →  →  ∅  
========== Simulator =====================================
Current State: 20
Current Abstract State: abstract_0
Current Action: SOUTH
↓  ↓  →  ∅  ∅  ∅  ■  ∅  →  ∅  ∅  ■  ∅  ∅  →  ∅  ∅  →  ∅  ∅  
R  ↓  ↓  ∅  ∅  →  ∅  ∅  →  ∅  ∅  →  ∅  ∅  →  ∅  ∅  →  ∅  ■  
↓  ↓  ↓  ↓  ↓  ■  ∅  ∅  ■  ↓  ↓  →  ↓  ↓  →  ↓  ■  →  ↓  ↓  
∅  ∅  →  ∅  ∅  ∅  ■  ■  ■  ∅  ∅  →  ∅  ∅  →  ∅  ■  →  ∅  ∅  
∅  ∅  →  ∅  ∅  →  ∅  ∅  ∅  ■  ∅  →  ∅  ∅  ∅  ■  ∅  →  ∅  ∅  
↓  ■  →  ↓  ↓  →  ↓  ↓  →  ↓  ∅  →  ↓  ↓  →  ↓  ↓  →  ↓  ↓  
∅  ■  →  ∅  ∅  →  ∅  ∅  →  ∅  ■  →  ∅  ∅  →  ∅  ∅  →  ∅  ∅  
■  ∅  →  ∅  ∅  →  ∅  ∅  →  ∅  ∅  →  ∅  ∅  ■  ∅  ∅  ■  ∅  ∅  
∅  ↓  →  ↓  ■  →  ↓  ↓  →  ↓  ↓  →  ↓  ∅  →  ↓  ∅  →  ↓  ↓  
■  ∅  →  ∅  ∅  →  ∅  ∅  →  ∅  ∅  →  ∅  ■  →  ∅  ■  →  ∅  ∅  
∅  ∅  →  ∅  ∅  →  ∅  ∅  ■  ∅  ∅  →  ∅  ∅  ■  ∅  ∅  ■  ∅  ∅  
∅  ↓  →  ↓  ↓  →  ↓  ∅  →  ↓  ↓  →  ↓  ↓  ↓  ■  ↓  →  ↓  ↓  
■  ∅  →  ∅  ∅  →  ∅  ■  →  ∅  ∅  →  ∅  ∅  →  ∅  ∅  ■  ∅  ∅  
∅  ■  →  ∅  ∅  →  ∅  ■  →  ∅  ■  →  ∅  ∅  ■  ∅  ∅  →  ∅  ∅  
↓  ↓  →  ↓  ↓  →  ↓  ↓  ■  ↓  ↓  →  ↓  ↓  →  ∅  ↓  →  ↓  ↓  
∅  ∅  ■  ∅  ∅  →  ∅  ∅  →  ∅  ∅  →  ∅  ∅  ∅  ■  ∅  →  ∅  ∅  
∅  ∅  →  ∅  ∅  →  ∅  ∅  →  ∅  ∅  →  ∅  ∅  ∅  ■  ∅  →  ∅  ∅  
↓  ■  →  ↓  ↓  →  ↓  ↓  ↓  ↓  ■  ■  ∅  ↓  →  ↓  ■  →  ↓  ↓  
∅  ∅  →  ∅  ∅  →  ∅  ∅  →  ∅  ∅  ∅  ■  ∅  →  ∅  ∅  →  ∅  ↓  
∅  ∅  ∅  ■  ∅  →  ∅  ∅  →  ∅  ∅  →  ∅  ∅  ■  ∅  ∅  →  →  ∅  
========== Simulator =====================================
Current State: 40
Current Abstract State: abstract_0
Current Action: SOUTH
↓  ↓  →  ∅  ∅  ∅  ■  ∅  →  ∅  ∅  ■  ∅  ∅  →  ∅  ∅  →  ∅  ∅  
↓  ↓  ↓  ∅  ∅  →  ∅  ∅  →  ∅  ∅  →  ∅  ∅  →  ∅  ∅  →  ∅  ■  
R  ↓  ↓  ↓  ↓  ■  ∅  ∅  ■  ↓  ↓  →  ↓  ↓  →  ↓  ■  →  ↓  ↓  
∅  ∅  →  ∅  ∅  ∅  ■  ■  ■  ∅  ∅  →  ∅  ∅  →  ∅  ■  →  ∅  ∅  
∅  ∅  →  ∅  ∅  →  ∅  ∅  ∅  ■  ∅  →  ∅  ∅  ∅  ■  ∅  →  ∅  ∅  
↓  ■  →  ↓  ↓  →  ↓  ↓  →  ↓  ∅  →  ↓  ↓  →  ↓  ↓  →  ↓  ↓  
∅  ■  →  ∅  ∅  →  ∅  ∅  →  ∅  ■  →  ∅  ∅  →  ∅  ∅  →  ∅  ∅  
■  ∅  →  ∅  ∅  →  ∅  ∅  →  ∅  ∅  →  ∅  ∅  ■  ∅  ∅  ■  ∅  ∅  
∅  ↓  →  ↓  ■  →  ↓  ↓  →  ↓  ↓  →  ↓  ∅  →  ↓  ∅  →  ↓  ↓  
■  ∅  →  ∅  ∅  →  ∅  ∅  →  ∅  ∅  →  ∅  ■  →  ∅  ■  →  ∅  ∅  
∅  ∅  →  ∅  ∅  →  ∅  ∅  ■  ∅  ∅  →  ∅  ∅  ■  ∅  ∅  ■  ∅  ∅  
∅  ↓  →  ↓  ↓  →  ↓  ∅  →  ↓  ↓  →  ↓  ↓  ↓  ■  ↓  →  ↓  ↓  
■  ∅  →  ∅  ∅  →  ∅  ■  →  ∅  ∅  →  ∅  ∅  →  ∅  ∅  ■  ∅  ∅  
∅  ■  →  ∅  ∅  →  ∅  ■  →  ∅  ■  →  ∅  ∅  ■  ∅  ∅  →  ∅  ∅  
↓  ↓  →  ↓  ↓  →  ↓  ↓  ■  ↓  ↓  →  ↓  ↓  →  ∅  ↓  →  ↓  ↓  
∅  ∅  ■  ∅  ∅  →  ∅  ∅  →  ∅  ∅  →  ∅  ∅  ∅  ■  ∅  →  ∅  ∅  
∅  ∅  →  ∅  ∅  →  ∅  ∅  →  ∅  ∅  →  ∅  ∅  ∅  ■  ∅  →  ∅  ∅  
↓  ■  →  ↓  ↓  →  ↓  ↓  ↓  ↓  ■  ■  ∅  ↓  →  ↓  ■  →  ↓  ↓  
∅  ∅  →  ∅  ∅  →  ∅  ∅  →  ∅  ∅  ∅  ■  ∅  →  ∅  ∅  →  ∅  ↓  
∅  ∅  ∅  ■  ∅  →  ∅  ∅  →  ∅  ∅  →  ∅  ∅  ■  ∅  ∅  →  →  ∅  
========== Simulator =====================================
Current State: 60
Current Abstract State: abstract_0
New Abstract State: abstract_7
Current Action: SOUTH
∅  ∅  →  ∅  ∅  ∅  ■  ∅  →  ∅  ∅  ■  ∅  ∅  →  ∅  ∅  →  ∅  ∅  
∅  ∅  →  ∅  ∅  →  ∅  ∅  →  ∅  ∅  →  ∅  ∅  →  ∅  ∅  →  ∅  ■  
↓  ↓  ↓  ↓  ↓  ■  ∅  ∅  ■  ↓  ↓  →  ↓  ↓  →  ↓  ■  →  ↓  ↓  
R  →  →  ∅  ∅  ∅  ■  ■  ■  ∅  ∅  →  ∅  ∅  →  ∅  ■  →  ∅  ∅  
↓  →  →  ∅  ∅  →  ∅  ∅  ∅  ■  ∅  →  ∅  ∅  ∅  ■  ∅  →  ∅  ∅  
↓  ■  →  ↓  ↓  →  ↓  ↓  →  ↓  ∅  →  ↓  ↓  →  ↓  ↓  →  ↓  ↓  
∅  ■  →  ∅  ∅  →  ∅  ∅  →  ∅  ■  →  ∅  ∅  →  ∅  ∅  →  ∅  ∅  
■  ∅  →  ∅  ∅  →  ∅  ∅  →  ∅  ∅  →  ∅  ∅  ■  ∅  ∅  ■  ∅  ∅  
∅  ↓  →  ↓  ■  →  ↓  ↓  →  ↓  ↓  →  ↓  ∅  →  ↓  ∅  →  ↓  ↓  
■  ∅  →  ∅  ∅  →  ∅  ∅  →  ∅  ∅  →  ∅  ■  →  ∅  ■  →  ∅  ∅  
∅  ∅  →  ∅  ∅  →  ∅  ∅  ■  ∅  ∅  →  ∅  ∅  ■  ∅  ∅  ■  ∅  ∅  
∅  ↓  →  ↓  ↓  →  ↓  ∅  →  ↓  ↓  →  ↓  ↓  ↓  ■  ↓  →  ↓  ↓  
■  ∅  →  ∅  ∅  →  ∅  ■  →  ∅  ∅  →  ∅  ∅  →  ∅  ∅  ■  ∅  ∅  
∅  ■  →  ∅  ∅  →  ∅  ■  →  ∅  ■  →  ∅  ∅  ■  ∅  ∅  →  ∅  ∅  
↓  ↓  →  ↓  ↓  →  ↓  ↓  ■  ↓  ↓  →  ↓  ↓  →  ∅  ↓  →  ↓  ↓  
∅  ∅  ■  ∅  ∅  →  ∅  ∅  →  ∅  ∅  →  ∅  ∅  ∅  ■  ∅  →  ∅  ∅  
∅  ∅  →  ∅  ∅  →  ∅  ∅  →  ∅  ∅  →  ∅  ∅  ∅  ■  ∅  →  ∅  ∅  
↓  ■  →  ↓  ↓  →  ↓  ↓  ↓  ↓  ■  ■  ∅  ↓  →  ↓  ■  →  ↓  ↓  
∅  ∅  →  ∅  ∅  →  ∅  ∅  →  ∅  ∅  ∅  ■  ∅  →  ∅  ∅  →  ∅  ↓  
∅  ∅  ∅  ■  ∅  →  ∅  ∅  →  ∅  ∅  →  ∅  ∅  ■  ∅  ∅  →  →  ∅  
========== Simulator =====================================
Current State: 80
Current Abstract State: abstract_7
Current Action: SOUTH
∅  ∅  →  ∅  ∅  ∅  ■  ∅  →  ∅  ∅  ■  ∅  ∅  →  ∅  ∅  →  ∅  ∅  
∅  ∅  →  ∅  ∅  →  ∅  ∅  →  ∅  ∅  →  ∅  ∅  →  ∅  ∅  →  ∅  ■  
↓  ↓  ↓  ↓  ↓  ■  ∅  ∅  ■  ↓  ↓  →  ↓  ↓  →  ↓  ■  →  ↓  ↓  
↓  →  →  ∅  ∅  ∅  ■  ■  ■  ∅  ∅  →  ∅  ∅  →  ∅  ■  →  ∅  ∅  
R  →  →  ∅  ∅  →  ∅  ∅  ∅  ■  ∅  →  ∅  ∅  ∅  ■  ∅  →  ∅  ∅  
↓  ■  →  ↓  ↓  →  ↓  ↓  →  ↓  ∅  →  ↓  ↓  →  ↓  ↓  →  ↓  ↓  
∅  ■  →  ∅  ∅  →  ∅  ∅  →  ∅  ■  →  ∅  ∅  →  ∅  ∅  →  ∅  ∅  
■  ∅  →  ∅  ∅  →  ∅  ∅  →  ∅  ∅  →  ∅  ∅  ■  ∅  ∅  ■  ∅  ∅  
∅  ↓  →  ↓  ■  →  ↓  ↓  →  ↓  ↓  →  ↓  ∅  →  ↓  ∅  →  ↓  ↓  
■  ∅  →  ∅  ∅  →  ∅  ∅  →  ∅  ∅  →  ∅  ■  →  ∅  ■  →  ∅  ∅  
∅  ∅  →  ∅  ∅  →  ∅  ∅  ■  ∅  ∅  →  ∅  ∅  ■  ∅  ∅  ■  ∅  ∅  
∅  ↓  →  ↓  ↓  →  ↓  ∅  →  ↓  ↓  →  ↓  ↓  ↓  ■  ↓  →  ↓  ↓  
■  ∅  →  ∅  ∅  →  ∅  ■  →  ∅  ∅  →  ∅  ∅  →  ∅  ∅  ■  ∅  ∅  
∅  ■  →  ∅  ∅  →  ∅  ■  →  ∅  ■  →  ∅  ∅  ■  ∅  ∅  →  ∅  ∅  
↓  ↓  →  ↓  ↓  →  ↓  ↓  ■  ↓  ↓  →  ↓  ↓  →  ∅  ↓  →  ↓  ↓  
∅  ∅  ■  ∅  ∅  →  ∅  ∅  →  ∅  ∅  →  ∅  ∅  ∅  ■  ∅  →  ∅  ∅  
∅  ∅  →  ∅  ∅  →  ∅  ∅  →  ∅  ∅  →  ∅  ∅  ∅  ■  ∅  →  ∅  ∅  
↓  ■  →  ↓  ↓  →  ↓  ↓  ↓  ↓  ■  ■  ∅  ↓  →  ↓  ■  →  ↓  ↓  
∅  ∅  →  ∅  ∅  →  ∅  ∅  →  ∅  ∅  ∅  ■  ∅  →  ∅  ∅  →  ∅  ↓  
∅  ∅  ∅  ■  ∅  →  ∅  ∅  →  ∅  ∅  →  ∅  ∅  ■  ∅  ∅  →  →  ∅  
========== Simulator =====================================
Current State: 100
Current Abstract State: abstract_7
Current Action: SOUTH
∅  ∅  →  ∅  ∅  ∅  ■  ∅  →  ∅  ∅  ■  ∅  ∅  →  ∅  ∅  →  ∅  ∅  
∅  ∅  →  ∅  ∅  →  ∅  ∅  →  ∅  ∅  →  ∅  ∅  →  ∅  ∅  →  ∅  ■  
↓  ↓  ↓  ↓  ↓  ■  ∅  ∅  ■  ↓  ↓  →  ↓  ↓  →  ↓  ■  →  ↓  ↓  
↓  →  →  ∅  ∅  ∅  ■  ■  ■  ∅  ∅  →  ∅  ∅  →  ∅  ■  →  ∅  ∅  
↓  →  →  ∅  ∅  →  ∅  ∅  ∅  ■  ∅  →  ∅  ∅  ∅  ■  ∅  →  ∅  ∅  
R  ■  →  ↓  ↓  →  ↓  ↓  →  ↓  ∅  →  ↓  ↓  →  ↓  ↓  →  ↓  ↓  
∅  ■  →  ∅  ∅  →  ∅  ∅  →  ∅  ■  →  ∅  ∅  →  ∅  ∅  →  ∅  ∅  
■  ∅  →  ∅  ∅  →  ∅  ∅  →  ∅  ∅  →  ∅  ∅  ■  ∅  ∅  ■  ∅  ∅  
∅  ↓  →  ↓  ■  →  ↓  ↓  →  ↓  ↓  →  ↓  ∅  →  ↓  ∅  →  ↓  ↓  
■  ∅  →  ∅  ∅  →  ∅  ∅  →  ∅  ∅  →  ∅  ■  →  ∅  ■  →  ∅  ∅  
∅  ∅  →  ∅  ∅  →  ∅  ∅  ■  ∅  ∅  →  ∅  ∅  ■  ∅  ∅  ■  ∅  ∅  
∅  ↓  →  ↓  ↓  →  ↓  ∅  →  ↓  ↓  →  ↓  ↓  ↓  ■  ↓  →  ↓  ↓  
■  ∅  →  ∅  ∅  →  ∅  ■  →  ∅  ∅  →  ∅  ∅  →  ∅  ∅  ■  ∅  ∅  
∅  ■  →  ∅  ∅  →  ∅  ■  →  ∅  ■  →  ∅  ∅  ■  ∅  ∅  →  ∅  ∅  
↓  ↓  →  ↓  ↓  →  ↓  ↓  ■  ↓  ↓  →  ↓  ↓  →  ∅  ↓  →  ↓  ↓  
∅  ∅  ■  ∅  ∅  →  ∅  ∅  →  ∅  ∅  →  ∅  ∅  ∅  ■  ∅  →  ∅  ∅  
∅  ∅  →  ∅  ∅  →  ∅  ∅  →  ∅  ∅  →  ∅  ∅  ∅  ■  ∅  →  ∅  ∅  
↓  ■  →  ↓  ↓  →  ↓  ↓  ↓  ↓  ■  ■  ∅  ↓  →  ↓  ■  →  ↓  ↓  
∅  ∅  →  ∅  ∅  →  ∅  ∅  →  ∅  ∅  ∅  ■  ∅  →  ∅  ∅  →  ∅  ↓  
∅  ∅  ∅  ■  ∅  →  ∅  ∅  →  ∅  ∅  →  ∅  ∅  ■  ∅  ∅  →  →  ∅  
========== Simulator =====================================
Current State: 120
Current Abstract State: abstract_7
New Abstract State: abstract_14
Current Action: NORTH
∅  ∅  →  ∅  ∅  ∅  ■  ∅  →  ∅  ∅  ■  ∅  ∅  →  ∅  ∅  →  ∅  ∅  
∅  ∅  →  ∅  ∅  →  ∅  ∅  →  ∅  ∅  →  ∅  ∅  →  ∅  ∅  →  ∅  ■  
↓  ↓  ↓  ↓  ↓  ■  ∅  ∅  ■  ↓  ↓  →  ↓  ↓  →  ↓  ■  →  ↓  ↓  
∅  ∅  →  ∅  ∅  ∅  ■  ■  ■  ∅  ∅  →  ∅  ∅  →  ∅  ■  →  ∅  ∅  
∅  ∅  →  ∅  ∅  →  ∅  ∅  ∅  ■  ∅  →  ∅  ∅  ∅  ■  ∅  →  ∅  ∅  
∅  ■  ↓  ↓  ↓  →  ↓  ↓  →  ↓  ∅  →  ↓  ↓  →  ↓  ↓  →  ↓  ↓  
R  ■  →  ∅  ∅  →  ∅  ∅  →  ∅  ■  →  ∅  ∅  →  ∅  ∅  →  ∅  ∅  
■  →  →  ∅  ∅  →  ∅  ∅  →  ∅  ∅  →  ∅  ∅  ■  ∅  ∅  ■  ∅  ∅  
→  →  →  ↓  ■  →  ↓  ↓  →  ↓  ↓  →  ↓  ∅  →  ↓  ∅  →  ↓  ↓  
■  ∅  →  ∅  ∅  →  ∅  ∅  →  ∅  ∅  →  ∅  ■  →  ∅  ■  →  ∅  ∅  
∅  ∅  →  ∅  ∅  →  ∅  ∅  ■  ∅  ∅  →  ∅  ∅  ■  ∅  ∅  ■  ∅  ∅  
∅  ↓  →  ↓  ↓  →  ↓  ∅  →  ↓  ↓  →  ↓  ↓  ↓  ■  ↓  →  ↓  ↓  
■  ∅  →  ∅  ∅  →  ∅  ■  →  ∅  ∅  →  ∅  ∅  →  ∅  ∅  ■  ∅  ∅  
∅  ■  →  ∅  ∅  →  ∅  ■  →  ∅  ■  →  ∅  ∅  ■  ∅  ∅  →  ∅  ∅  
↓  ↓  →  ↓  ↓  →  ↓  ↓  ■  ↓  ↓  →  ↓  ↓  →  ∅  ↓  →  ↓  ↓  
∅  ∅  ■  ∅  ∅  →  ∅  ∅  →  ∅  ∅  →  ∅  ∅  ∅  ■  ∅  →  ∅  ∅  
∅  ∅  →  ∅  ∅  →  ∅  ∅  →  ∅  ∅  →  ∅  ∅  ∅  ■  ∅  →  ∅  ∅  
↓  ■  →  ↓  ↓  →  ↓  ↓  ↓  ↓  ■  ■  ∅  ↓  →  ↓  ■  →  ↓  ↓  
∅  ∅  →  ∅  ∅  →  ∅  ∅  →  ∅  ∅  ∅  ■  ∅  →  ∅  ∅  →  ∅  ↓  
∅  ∅  ∅  ■  ∅  →  ∅  ∅  →  ∅  ∅  →  ∅  ∅  ■  ∅  ∅  →  →  ∅  
========== Simulator =====================================
Current State: 100
Current Abstract State: abstract_14
New Abstract State: abstract_7
Current Action: SOUTH
∅  ∅  →  ∅  ∅  ∅  ■  ∅  →  ∅  ∅  ■  ∅  ∅  →  ∅  ∅  →  ∅  ∅  
∅  ∅  →  ∅  ∅  →  ∅  ∅  →  ∅  ∅  →  ∅  ∅  →  ∅  ∅  →  ∅  ■  
↓  ↓  ↓  ↓  ↓  ■  ∅  ∅  ■  ↓  ↓  →  ↓  ↓  →  ↓  ■  →  ↓  ↓  
↓  →  →  ∅  ∅  ∅  ■  ■  ■  ∅  ∅  →  ∅  ∅  →  ∅  ■  →  ∅  ∅  
↓  →  →  ∅  ∅  →  ∅  ∅  ∅  ■  ∅  →  ∅  ∅  ∅  ■  ∅  →  ∅  ∅  
R  ■  →  ↓  ↓  →  ↓  ↓  →  ↓  ∅  →  ↓  ↓  →  ↓  ↓  →  ↓  ↓  
∅  ■  →  ∅  ∅  →  ∅  ∅  →  ∅  ■  →  ∅  ∅  →  ∅  ∅  →  ∅  ∅  
■  ∅  →  ∅  ∅  →  ∅  ∅  →  ∅  ∅  →  ∅  ∅  ■  ∅  ∅  ■  ∅  ∅  
∅  ↓  →  ↓  ■  →  ↓  ↓  →  ↓  ↓  →  ↓  ∅  →  ↓  ∅  →  ↓  ↓  
■  ∅  →  ∅  ∅  →  ∅  ∅  →  ∅  ∅  →  ∅  ■  →  ∅  ■  →  ∅  ∅  
∅  ∅  →  ∅  ∅  →  ∅  ∅  ■  ∅  ∅  →  ∅  ∅  ■  ∅  ∅  ■  ∅  ∅  
∅  ↓  →  ↓  ↓  →  ↓  ∅  →  ↓  ↓  →  ↓  ↓  ↓  ■  ↓  →  ↓  ↓  
■  ∅  →  ∅  ∅  →  ∅  ■  →  ∅  ∅  →  ∅  ∅  →  ∅  ∅  ■  ∅  ∅  
∅  ■  →  ∅  ∅  →  ∅  ■  →  ∅  ■  →  ∅  ∅  ■  ∅  ∅  →  ∅  ∅  
↓  ↓  →  ↓  ↓  →  ↓  ↓  ■  ↓  ↓  →  ↓  ↓  →  ∅  ↓  →  ↓  ↓  
∅  ∅  ■  ∅  ∅  →  ∅  ∅  →  ∅  ∅  →  ∅  ∅  ∅  ■  ∅  →  ∅  ∅  
∅  ∅  →  ∅  ∅  →  ∅  ∅  →  ∅  ∅  →  ∅  ∅  ∅  ■  ∅  →  ∅  ∅  
↓  ■  →  ↓  ↓  →  ↓  ↓  ↓  ↓  ■  ■  ∅  ↓  →  ↓  ■  →  ↓  ↓  
∅  ∅  →  ∅  ∅  →  ∅  ∅  →  ∅  ∅  ∅  ■  ∅  →  ∅  ∅  →  ∅  ↓  
∅  ∅  ∅  ■  ∅  →  ∅  ∅  →  ∅  ∅  →  ∅  ∅  ■  ∅  ∅  →  →  ∅  
========== Simulator =====================================
Current State: 120
Current Abstract State: abstract_7
New Abstract State: abstract_14
Current Action: NORTH
∅  ∅  →  ∅  ∅  ∅  ■  ∅  →  ∅  ∅  ■  ∅  ∅  →  ∅  ∅  →  ∅  ∅  
∅  ∅  →  ∅  ∅  →  ∅  ∅  →  ∅  ∅  →  ∅  ∅  →  ∅  ∅  →  ∅  ■  
↓  ↓  ↓  ↓  ↓  ■  ∅  ∅  ■  ↓  ↓  →  ↓  ↓  →  ↓  ■  →  ↓  ↓  
∅  ∅  →  ∅  ∅  ∅  ■  ■  ■  ∅  ∅  →  ∅  ∅  →  ∅  ■  →  ∅  ∅  
∅  ∅  →  ∅  ∅  →  ∅  ∅  ∅  ■  ∅  →  ∅  ∅  ∅  ■  ∅  →  ∅  ∅  
∅  ■  ↓  ↓  ↓  →  ↓  ↓  →  ↓  ∅  →  ↓  ↓  →  ↓  ↓  →  ↓  ↓  
R  ■  →  ∅  ∅  →  ∅  ∅  →  ∅  ■  →  ∅  ∅  →  ∅  ∅  →  ∅  ∅  
■  →  →  ∅  ∅  →  ∅  ∅  →  ∅  ∅  →  ∅  ∅  ■  ∅  ∅  ■  ∅  ∅  
→  →  →  ↓  ■  →  ↓  ↓  →  ↓  ↓  →  ↓  ∅  →  ↓  ∅  →  ↓  ↓  
■  ∅  →  ∅  ∅  →  ∅  ∅  →  ∅  ∅  →  ∅  ■  →  ∅  ■  →  ∅  ∅  
∅  ∅  →  ∅  ∅  →  ∅  ∅  ■  ∅  ∅  →  ∅  ∅  ■  ∅  ∅  ■  ∅  ∅  
∅  ↓  →  ↓  ↓  →  ↓  ∅  →  ↓  ↓  →  ↓  ↓  ↓  ■  ↓  →  ↓  ↓  
■  ∅  →  ∅  ∅  →  ∅  ■  →  ∅  ∅  →  ∅  ∅  →  ∅  ∅  ■  ∅  ∅  
∅  ■  →  ∅  ∅  →  ∅  ■  →  ∅  ■  →  ∅  ∅  ■  ∅  ∅  →  ∅  ∅  
↓  ↓  →  ↓  ↓  →  ↓  ↓  ■  ↓  ↓  →  ↓  ↓  →  ∅  ↓  →  ↓  ↓  
∅  ∅  ■  ∅  ∅  →  ∅  ∅  →  ∅  ∅  →  ∅  ∅  ∅  ■  ∅  →  ∅  ∅  
∅  ∅  →  ∅  ∅  →  ∅  ∅  →  ∅  ∅  →  ∅  ∅  ∅  ■  ∅  →  ∅  ∅  
↓  ■  →  ↓  ↓  →  ↓  ↓  ↓  ↓  ■  ■  ∅  ↓  →  ↓  ■  →  ↓  ↓  
∅  ∅  →  ∅  ∅  →  ∅  ∅  →  ∅  ∅  ∅  ■  ∅  →  ∅  ∅  →  ∅  ↓  
∅  ∅  ∅  ■  ∅  →  ∅  ∅  →  ∅  ∅  →  ∅  ∅  ■  ∅  ∅  →  →  ∅  
========== Simulator =====================================
Current State: 100
Current Abstract State: abstract_14
New Abstract State: abstract_7
Current Action: SOUTH
∅  ∅  →  ∅  ∅  ∅  ■  ∅  →  ∅  ∅  ■  ∅  ∅  →  ∅  ∅  →  ∅  ∅  
∅  ∅  →  ∅  ∅  →  ∅  ∅  →  ∅  ∅  →  ∅  ∅  →  ∅  ∅  →  ∅  ■  
↓  ↓  ↓  ↓  ↓  ■  ∅  ∅  ■  ↓  ↓  →  ↓  ↓  →  ↓  ■  →  ↓  ↓  
↓  →  →  ∅  ∅  ∅  ■  ■  ■  ∅  ∅  →  ∅  ∅  →  ∅  ■  →  ∅  ∅  
↓  →  →  ∅  ∅  →  ∅  ∅  ∅  ■  ∅  →  ∅  ∅  ∅  ■  ∅  →  ∅  ∅  
R  ■  →  ↓  ↓  →  ↓  ↓  →  ↓  ∅  →  ↓  ↓  →  ↓  ↓  →  ↓  ↓  
∅  ■  →  ∅  ∅  →  ∅  ∅  →  ∅  ■  →  ∅  ∅  →  ∅  ∅  →  ∅  ∅  
■  ∅  →  ∅  ∅  →  ∅  ∅  →  ∅  ∅  →  ∅  ∅  ■  ∅  ∅  ■  ∅  ∅  
∅  ↓  →  ↓  ■  →  ↓  ↓  →  ↓  ↓  →  ↓  ∅  →  ↓  ∅  →  ↓  ↓  
■  ∅  →  ∅  ∅  →  ∅  ∅  →  ∅  ∅  →  ∅  ■  →  ∅  ■  →  ∅  ∅  
∅  ∅  →  ∅  ∅  →  ∅  ∅  ■  ∅  ∅  →  ∅  ∅  ■  ∅  ∅  ■  ∅  ∅  
∅  ↓  →  ↓  ↓  →  ↓  ∅  →  ↓  ↓  →  ↓  ↓  ↓  ■  ↓  →  ↓  ↓  
■  ∅  →  ∅  ∅  →  ∅  ■  →  ∅  ∅  →  ∅  ∅  →  ∅  ∅  ■  ∅  ∅  
∅  ■  →  ∅  ∅  →  ∅  ■  →  ∅  ■  →  ∅  ∅  ■  ∅  ∅  →  ∅  ∅  
↓  ↓  →  ↓  ↓  →  ↓  ↓  ■  ↓  ↓  →  ↓  ↓  →  ∅  ↓  →  ↓  ↓  
∅  ∅  ■  ∅  ∅  →  ∅  ∅  →  ∅  ∅  →  ∅  ∅  ∅  ■  ∅  →  ∅  ∅  
∅  ∅  →  ∅  ∅  →  ∅  ∅  →  ∅  ∅  →  ∅  ∅  ∅  ■  ∅  →  ∅  ∅  
↓  ■  →  ↓  ↓  →  ↓  ↓  ↓  ↓  ■  ■  ∅  ↓  →  ↓  ■  →  ↓  ↓  
∅  ∅  →  ∅  ∅  →  ∅  ∅  →  ∅  ∅  ∅  ■  ∅  →  ∅  ∅  →  ∅  ↓  
∅  ∅  ∅  ■  ∅  →  ∅  ∅  →  ∅  ∅  →  ∅  ∅  ■  ∅  ∅  →  →  ∅  
========== Simulator =====================================
Current State: 120
Current Abstract State: abstract_7
New Abstract State: abstract_14
Current Action: NORTH
∅  ∅  →  ∅  ∅  ∅  ■  ∅  →  ∅  ∅  ■  ∅  ∅  →  ∅  ∅  →  ∅  ∅  
∅  ∅  →  ∅  ∅  →  ∅  ∅  →  ∅  ∅  →  ∅  ∅  →  ∅  ∅  →  ∅  ■  
↓  ↓  ↓  ↓  ↓  ■  ∅  ∅  ■  ↓  ↓  →  ↓  ↓  →  ↓  ■  →  ↓  ↓  
∅  ∅  →  ∅  ∅  ∅  ■  ■  ■  ∅  ∅  →  ∅  ∅  →  ∅  ■  →  ∅  ∅  
∅  ∅  →  ∅  ∅  →  ∅  ∅  ∅  ■  ∅  →  ∅  ∅  ∅  ■  ∅  →  ∅  ∅  
∅  ■  ↓  ↓  ↓  →  ↓  ↓  →  ↓  ∅  →  ↓  ↓  →  ↓  ↓  →  ↓  ↓  
R  ■  →  ∅  ∅  →  ∅  ∅  →  ∅  ■  →  ∅  ∅  →  ∅  ∅  →  ∅  ∅  
■  →  →  ∅  ∅  →  ∅  ∅  →  ∅  ∅  →  ∅  ∅  ■  ∅  ∅  ■  ∅  ∅  
→  →  →  ↓  ■  →  ↓  ↓  →  ↓  ↓  →  ↓  ∅  →  ↓  ∅  →  ↓  ↓  
■  ∅  →  ∅  ∅  →  ∅  ∅  →  ∅  ∅  →  ∅  ■  →  ∅  ■  →  ∅  ∅  
∅  ∅  →  ∅  ∅  →  ∅  ∅  ■  ∅  ∅  →  ∅  ∅  ■  ∅  ∅  ■  ∅  ∅  
∅  ↓  →  ↓  ↓  →  ↓  ∅  →  ↓  ↓  →  ↓  ↓  ↓  ■  ↓  →  ↓  ↓  
■  ∅  →  ∅  ∅  →  ∅  ■  →  ∅  ∅  →  ∅  ∅  →  ∅  ∅  ■  ∅  ∅  
∅  ■  →  ∅  ∅  →  ∅  ■  →  ∅  ■  →  ∅  ∅  ■  ∅  ∅  →  ∅  ∅  
↓  ↓  →  ↓  ↓  →  ↓  ↓  ■  ↓  ↓  →  ↓  ↓  →  ∅  ↓  →  ↓  ↓  
∅  ∅  ■  ∅  ∅  →  ∅  ∅  →  ∅  ∅  →  ∅  ∅  ∅  ■  ∅  →  ∅  ∅  
∅  ∅  →  ∅  ∅  →  ∅  ∅  →  ∅  ∅  →  ∅  ∅  ∅  ■  ∅  →  ∅  ∅  
↓  ■  →  ↓  ↓  →  ↓  ↓  ↓  ↓  ■  ■  ∅  ↓  →  ↓  ■  →  ↓  ↓  
∅  ∅  →  ∅  ∅  →  ∅  ∅  →  ∅  ∅  ∅  ■  ∅  →  ∅  ∅  →  ∅  ↓  
∅  ∅  ∅  ■  ∅  →  ∅  ∅  →  ∅  ∅  →  ∅  ∅  ■  ∅  ∅  →  →  ∅  
========== Simulator =====================================
Current State: 100
Current Abstract State: abstract_14
New Abstract State: abstract_7
Current Action: SOUTH
∅  ∅  →  ∅  ∅  ∅  ■  ∅  →  ∅  ∅  ■  ∅  ∅  →  ∅  ∅  →  ∅  ∅  
∅  ∅  →  ∅  ∅  →  ∅  ∅  →  ∅  ∅  →  ∅  ∅  →  ∅  ∅  →  ∅  ■  
↓  ↓  ↓  ↓  ↓  ■  ∅  ∅  ■  ↓  ↓  →  ↓  ↓  →  ↓  ■  →  ↓  ↓  
↓  →  →  ∅  ∅  ∅  ■  ■  ■  ∅  ∅  →  ∅  ∅  →  ∅  ■  →  ∅  ∅  
↓  →  →  ∅  ∅  →  ∅  ∅  ∅  ■  ∅  →  ∅  ∅  ∅  ■  ∅  →  ∅  ∅  
R  ■  →  ↓  ↓  →  ↓  ↓  →  ↓  ∅  →  ↓  ↓  →  ↓  ↓  →  ↓  ↓  
∅  ■  →  ∅  ∅  →  ∅  ∅  →  ∅  ■  →  ∅  ∅  →  ∅  ∅  →  ∅  ∅  
■  ∅  →  ∅  ∅  →  ∅  ∅  →  ∅  ∅  →  ∅  ∅  ■  ∅  ∅  ■  ∅  ∅  
∅  ↓  →  ↓  ■  →  ↓  ↓  →  ↓  ↓  →  ↓  ∅  →  ↓  ∅  →  ↓  ↓  
■  ∅  →  ∅  ∅  →  ∅  ∅  →  ∅  ∅  →  ∅  ■  →  ∅  ■  →  ∅  ∅  
∅  ∅  →  ∅  ∅  →  ∅  ∅  ■  ∅  ∅  →  ∅  ∅  ■  ∅  ∅  ■  ∅  ∅  
∅  ↓  →  ↓  ↓  →  ↓  ∅  →  ↓  ↓  →  ↓  ↓  ↓  ■  ↓  →  ↓  ↓  
■  ∅  →  ∅  ∅  →  ∅  ■  →  ∅  ∅  →  ∅  ∅  →  ∅  ∅  ■  ∅  ∅  
∅  ■  →  ∅  ∅  →  ∅  ■  →  ∅  ■  →  ∅  ∅  ■  ∅  ∅  →  ∅  ∅  
↓  ↓  →  ↓  ↓  →  ↓  ↓  ■  ↓  ↓  →  ↓  ↓  →  ∅  ↓  →  ↓  ↓  
∅  ∅  ■  ∅  ∅  →  ∅  ∅  →  ∅  ∅  →  ∅  ∅  ∅  ■  ∅  →  ∅  ∅  
∅  ∅  →  ∅  ∅  →  ∅  ∅  →  ∅  ∅  →  ∅  ∅  ∅  ■  ∅  →  ∅  ∅  
↓  ■  →  ↓  ↓  →  ↓  ↓  ↓  ↓  ■  ■  ∅  ↓  →  ↓  ■  →  ↓  ↓  
∅  ∅  →  ∅  ∅  →  ∅  ∅  →  ∅  ∅  ∅  ■  ∅  →  ∅  ∅  →  ∅  ↓  
∅  ∅  ∅  ■  ∅  →  ∅  ∅  →  ∅  ∅  →  ∅  ∅  ■  ∅  ∅  →  →  ∅  
========== Simulator =====================================
Current State: 120
Current Abstract State: abstract_7
New Abstract State: abstract_14
Current Action: NORTH
∅  ∅  →  ∅  ∅  ∅  ■  ∅  →  ∅  ∅  ■  ∅  ∅  →  ∅  ∅  →  ∅  ∅  
∅  ∅  →  ∅  ∅  →  ∅  ∅  →  ∅  ∅  →  ∅  ∅  →  ∅  ∅  →  ∅  ■  
↓  ↓  ↓  ↓  ↓  ■  ∅  ∅  ■  ↓  ↓  →  ↓  ↓  →  ↓  ■  →  ↓  ↓  
∅  ∅  →  ∅  ∅  ∅  ■  ■  ■  ∅  ∅  →  ∅  ∅  →  ∅  ■  →  ∅  ∅  
∅  ∅  →  ∅  ∅  →  ∅  ∅  ∅  ■  ∅  →  ∅  ∅  ∅  ■  ∅  →  ∅  ∅  
∅  ■  ↓  ↓  ↓  →  ↓  ↓  →  ↓  ∅  →  ↓  ↓  →  ↓  ↓  →  ↓  ↓  
R  ■  →  ∅  ∅  →  ∅  ∅  →  ∅  ■  →  ∅  ∅  →  ∅  ∅  →  ∅  ∅  
■  →  →  ∅  ∅  →  ∅  ∅  →  ∅  ∅  →  ∅  ∅  ■  ∅  ∅  ■  ∅  ∅  
→  →  →  ↓  ■  →  ↓  ↓  →  ↓  ↓  →  ↓  ∅  →  ↓  ∅  →  ↓  ↓  
■  ∅  →  ∅  ∅  →  ∅  ∅  →  ∅  ∅  →  ∅  ■  →  ∅  ■  →  ∅  ∅  
∅  ∅  →  ∅  ∅  →  ∅  ∅  ■  ∅  ∅  →  ∅  ∅  ■  ∅  ∅  ■  ∅  ∅  
∅  ↓  →  ↓  ↓  →  ↓  ∅  →  ↓  ↓  →  ↓  ↓  ↓  ■  ↓  →  ↓  ↓  
■  ∅  →  ∅  ∅  →  ∅  ■  →  ∅  ∅  →  ∅  ∅  →  ∅  ∅  ■  ∅  ∅  
∅  ■  →  ∅  ∅  →  ∅  ■  →  ∅  ■  →  ∅  ∅  ■  ∅  ∅  →  ∅  ∅  
↓  ↓  →  ↓  ↓  →  ↓  ↓  ■  ↓  ↓  →  ↓  ↓  →  ∅  ↓  →  ↓  ↓  
∅  ∅  ■  ∅  ∅  →  ∅  ∅  →  ∅  ∅  →  ∅  ∅  ∅  ■  ∅  →  ∅  ∅  
∅  ∅  →  ∅  ∅  →  ∅  ∅  →  ∅  ∅  →  ∅  ∅  ∅  ■  ∅  →  ∅  ∅  
↓  ■  →  ↓  ↓  →  ↓  ↓  ↓  ↓  ■  ■  ∅  ↓  →  ↓  ■  →  ↓  ↓  
∅  ∅  →  ∅  ∅  →  ∅  ∅  →  ∅  ∅  ∅  ■  ∅  →  ∅  ∅  →  ∅  ↓  
∅  ∅  ∅  ■  ∅  →  ∅  ∅  →  ∅  ∅  →  ∅  ∅  ■  ∅  ∅  →  →  ∅  
========== Simulator =====================================
Current State: 100
Current Abstract State: abstract_14
New Abstract State: abstract_7
Current Action: SOUTH
∅  ∅  →  ∅  ∅  ∅  ■  ∅  →  ∅  ∅  ■  ∅  ∅  →  ∅  ∅  →  ∅  ∅  
∅  ∅  →  ∅  ∅  →  ∅  ∅  →  ∅  ∅  →  ∅  ∅  →  ∅  ∅  →  ∅  ■  
↓  ↓  ↓  ↓  ↓  ■  ∅  ∅  ■  ↓  ↓  →  ↓  ↓  →  ↓  ■  →  ↓  ↓  
↓  →  →  ∅  ∅  ∅  ■  ■  ■  ∅  ∅  →  ∅  ∅  →  ∅  ■  →  ∅  ∅  
↓  →  →  ∅  ∅  →  ∅  ∅  ∅  ■  ∅  →  ∅  ∅  ∅  ■  ∅  →  ∅  ∅  
R  ■  →  ↓  ↓  →  ↓  ↓  →  ↓  ∅  →  ↓  ↓  →  ↓  ↓  →  ↓  ↓  
∅  ■  →  ∅  ∅  →  ∅  ∅  →  ∅  ■  →  ∅  ∅  →  ∅  ∅  →  ∅  ∅  
■  ∅  →  ∅  ∅  →  ∅  ∅  →  ∅  ∅  →  ∅  ∅  ■  ∅  ∅  ■  ∅  ∅  
∅  ↓  →  ↓  ■  →  ↓  ↓  →  ↓  ↓  →  ↓  ∅  →  ↓  ∅  →  ↓  ↓  
■  ∅  →  ∅  ∅  →  ∅  ∅  →  ∅  ∅  →  ∅  ■  →  ∅  ■  →  ∅  ∅  
∅  ∅  →  ∅  ∅  →  ∅  ∅  ■  ∅  ∅  →  ∅  ∅  ■  ∅  ∅  ■  ∅  ∅  
∅  ↓  →  ↓  ↓  →  ↓  ∅  →  ↓  ↓  →  ↓  ↓  ↓  ■  ↓  →  ↓  ↓  
■  ∅  →  ∅  ∅  →  ∅  ■  →  ∅  ∅  →  ∅  ∅  →  ∅  ∅  ■  ∅  ∅  
∅  ■  →  ∅  ∅  →  ∅  ■  →  ∅  ■  →  ∅  ∅  ■  ∅  ∅  →  ∅  ∅  
↓  ↓  →  ↓  ↓  →  ↓  ↓  ■  ↓  ↓  →  ↓  ↓  →  ∅  ↓  →  ↓  ↓  
∅  ∅  ■  ∅  ∅  →  ∅  ∅  →  ∅  ∅  →  ∅  ∅  ∅  ■  ∅  →  ∅  ∅  
∅  ∅  →  ∅  ∅  →  ∅  ∅  →  ∅  ∅  →  ∅  ∅  ∅  ■  ∅  →  ∅  ∅  
↓  ■  →  ↓  ↓  →  ↓  ↓  ↓  ↓  ■  ■  ∅  ↓  →  ↓  ■  →  ↓  ↓  
∅  ∅  →  ∅  ∅  →  ∅  ∅  →  ∅  ∅  ∅  ■  ∅  →  ∅  ∅  →  ∅  ↓  
∅  ∅  ∅  ■  ∅  →  ∅  ∅  →  ∅  ∅  →  ∅  ∅  ■  ∅  ∅  →  →  ∅  
========== Simulator =====================================
Current State: 120
Current Abstract State: abstract_7
New Abstract State: abstract_14
Current Action: NORTH
∅  ∅  →  ∅  ∅  ∅  ■  ∅  →  ∅  ∅  ■  ∅  ∅  →  ∅  ∅  →  ∅  ∅  
∅  ∅  →  ∅  ∅  →  ∅  ∅  →  ∅  ∅  →  ∅  ∅  →  ∅  ∅  →  ∅  ■  
↓  ↓  ↓  ↓  ↓  ■  ∅  ∅  ■  ↓  ↓  →  ↓  ↓  →  ↓  ■  →  ↓  ↓  
∅  ∅  →  ∅  ∅  ∅  ■  ■  ■  ∅  ∅  →  ∅  ∅  →  ∅  ■  →  ∅  ∅  
∅  ∅  →  ∅  ∅  →  ∅  ∅  ∅  ■  ∅  →  ∅  ∅  ∅  ■  ∅  →  ∅  ∅  
∅  ■  ↓  ↓  ↓  →  ↓  ↓  →  ↓  ∅  →  ↓  ↓  →  ↓  ↓  →  ↓  ↓  
R  ■  →  ∅  ∅  →  ∅  ∅  →  ∅  ■  →  ∅  ∅  →  ∅  ∅  →  ∅  ∅  
■  →  →  ∅  ∅  →  ∅  ∅  →  ∅  ∅  →  ∅  ∅  ■  ∅  ∅  ■  ∅  ∅  
→  →  →  ↓  ■  →  ↓  ↓  →  ↓  ↓  →  ↓  ∅  →  ↓  ∅  →  ↓  ↓  
■  ∅  →  ∅  ∅  →  ∅  ∅  →  ∅  ∅  →  ∅  ■  →  ∅  ■  →  ∅  ∅  
∅  ∅  →  ∅  ∅  →  ∅  ∅  ■  ∅  ∅  →  ∅  ∅  ■  ∅  ∅  ■  ∅  ∅  
∅  ↓  →  ↓  ↓  →  ↓  ∅  →  ↓  ↓  →  ↓  ↓  ↓  ■  ↓  →  ↓  ↓  
■  ∅  →  ∅  ∅  →  ∅  ■  →  ∅  ∅  →  ∅  ∅  →  ∅  ∅  ■  ∅  ∅  
∅  ■  →  ∅  ∅  →  ∅  ■  →  ∅  ■  →  ∅  ∅  ■  ∅  ∅  →  ∅  ∅  
↓  ↓  →  ↓  ↓  →  ↓  ↓  ■  ↓  ↓  →  ↓  ↓  →  ∅  ↓  →  ↓  ↓  
∅  ∅  ■  ∅  ∅  →  ∅  ∅  →  ∅  ∅  →  ∅  ∅  ∅  ■  ∅  →  ∅  ∅  
∅  ∅  →  ∅  ∅  →  ∅  ∅  →  ∅  ∅  →  ∅  ∅  ∅  ■  ∅  →  ∅  ∅  
↓  ■  →  ↓  ↓  →  ↓  ↓  ↓  ↓  ■  ■  ∅  ↓  →  ↓  ■  →  ↓  ↓  
∅  ∅  →  ∅  ∅  →  ∅  ∅  →  ∅  ∅  ∅  ■  ∅  →  ∅  ∅  →  ∅  ↓  
∅  ∅  ∅  ■  ∅  →  ∅  ∅  →  ∅  ∅  →  ∅  ∅  ■  ∅  ∅  →  →  ∅  
========== Simulator =====================================
Current State: 100
Current Abstract State: abstract_14
New Abstract State: abstract_7
Current Action: SOUTH
∅  ∅  →  ∅  ∅  ∅  ■  ∅  →  ∅  ∅  ■  ∅  ∅  →  ∅  ∅  →  ∅  ∅  
∅  ∅  →  ∅  ∅  →  ∅  ∅  →  ∅  ∅  →  ∅  ∅  →  ∅  ∅  →  ∅  ■  
↓  ↓  ↓  ↓  ↓  ■  ∅  ∅  ■  ↓  ↓  →  ↓  ↓  →  ↓  ■  →  ↓  ↓  
↓  →  →  ∅  ∅  ∅  ■  ■  ■  ∅  ∅  →  ∅  ∅  →  ∅  ■  →  ∅  ∅  
↓  →  →  ∅  ∅  →  ∅  ∅  ∅  ■  ∅  →  ∅  ∅  ∅  ■  ∅  →  ∅  ∅  
R  ■  →  ↓  ↓  →  ↓  ↓  →  ↓  ∅  →  ↓  ↓  →  ↓  ↓  →  ↓  ↓  
∅  ■  →  ∅  ∅  →  ∅  ∅  →  ∅  ■  →  ∅  ∅  →  ∅  ∅  →  ∅  ∅  
■  ∅  →  ∅  ∅  →  ∅  ∅  →  ∅  ∅  →  ∅  ∅  ■  ∅  ∅  ■  ∅  ∅  
∅  ↓  →  ↓  ■  →  ↓  ↓  →  ↓  ↓  →  ↓  ∅  →  ↓  ∅  →  ↓  ↓  
■  ∅  →  ∅  ∅  →  ∅  ∅  →  ∅  ∅  →  ∅  ■  →  ∅  ■  →  ∅  ∅  
∅  ∅  →  ∅  ∅  →  ∅  ∅  ■  ∅  ∅  →  ∅  ∅  ■  ∅  ∅  ■  ∅  ∅  
∅  ↓  →  ↓  ↓  →  ↓  ∅  →  ↓  ↓  →  ↓  ↓  ↓  ■  ↓  →  ↓  ↓  
■  ∅  →  ∅  ∅  →  ∅  ■  →  ∅  ∅  →  ∅  ∅  →  ∅  ∅  ■  ∅  ∅  
∅  ■  →  ∅  ∅  →  ∅  ■  →  ∅  ■  →  ∅  ∅  ■  ∅  ∅  →  ∅  ∅  
↓  ↓  →  ↓  ↓  →  ↓  ↓  ■  ↓  ↓  →  ↓  ↓  →  ∅  ↓  →  ↓  ↓  
∅  ∅  ■  ∅  ∅  →  ∅  ∅  →  ∅  ∅  →  ∅  ∅  ∅  ■  ∅  →  ∅  ∅  
∅  ∅  →  ∅  ∅  →  ∅  ∅  →  ∅  ∅  →  ∅  ∅  ∅  ■  ∅  →  ∅  ∅  
↓  ■  →  ↓  ↓  →  ↓  ↓  ↓  ↓  ■  ■  ∅  ↓  →  ↓  ■  →  ↓  ↓  
∅  ∅  →  ∅  ∅  →  ∅  ∅  →  ∅  ∅  ∅  ■  ∅  →  ∅  ∅  →  ∅  ↓  
∅  ∅  ∅  ■  ∅  →  ∅  ∅  →  ∅  ∅  →  ∅  ∅  ■  ∅  ∅  →  →  ∅  
========== Simulator =====================================
Current State: 120
Current Abstract State: abstract_7
New Abstract State: abstract_14
Current Action: NORTH
∅  ∅  →  ∅  ∅  ∅  ■  ∅  →  ∅  ∅  ■  ∅  ∅  →  ∅  ∅  →  ∅  ∅  
∅  ∅  →  ∅  ∅  →  ∅  ∅  →  ∅  ∅  →  ∅  ∅  →  ∅  ∅  →  ∅  ■  
↓  ↓  ↓  ↓  ↓  ■  ∅  ∅  ■  ↓  ↓  →  ↓  ↓  →  ↓  ■  →  ↓  ↓  
∅  ∅  →  ∅  ∅  ∅  ■  ■  ■  ∅  ∅  →  ∅  ∅  →  ∅  ■  →  ∅  ∅  
∅  ∅  →  ∅  ∅  →  ∅  ∅  ∅  ■  ∅  →  ∅  ∅  ∅  ■  ∅  →  ∅  ∅  
∅  ■  ↓  ↓  ↓  →  ↓  ↓  →  ↓  ∅  →  ↓  ↓  →  ↓  ↓  →  ↓  ↓  
R  ■  →  ∅  ∅  →  ∅  ∅  →  ∅  ■  →  ∅  ∅  →  ∅  ∅  →  ∅  ∅  
■  →  →  ∅  ∅  →  ∅  ∅  →  ∅  ∅  →  ∅  ∅  ■  ∅  ∅  ■  ∅  ∅  
→  →  →  ↓  ■  →  ↓  ↓  →  ↓  ↓  →  ↓  ∅  →  ↓  ∅  →  ↓  ↓  
■  ∅  →  ∅  ∅  →  ∅  ∅  →  ∅  ∅  →  ∅  ■  →  ∅  ■  →  ∅  ∅  
∅  ∅  →  ∅  ∅  →  ∅  ∅  ■  ∅  ∅  →  ∅  ∅  ■  ∅  ∅  ■  ∅  ∅  
∅  ↓  →  ↓  ↓  →  ↓  ∅  →  ↓  ↓  →  ↓  ↓  ↓  ■  ↓  →  ↓  ↓  
■  ∅  →  ∅  ∅  →  ∅  ■  →  ∅  ∅  →  ∅  ∅  →  ∅  ∅  ■  ∅  ∅  
∅  ■  →  ∅  ∅  →  ∅  ■  →  ∅  ■  →  ∅  ∅  ■  ∅  ∅  →  ∅  ∅  
↓  ↓  →  ↓  ↓  →  ↓  ↓  ■  ↓  ↓  →  ↓  ↓  →  ∅  ↓  →  ↓  ↓  
∅  ∅  ■  ∅  ∅  →  ∅  ∅  →  ∅  ∅  →  ∅  ∅  ∅  ■  ∅  →  ∅  ∅  
∅  ∅  →  ∅  ∅  →  ∅  ∅  →  ∅  ∅  →  ∅  ∅  ∅  ■  ∅  →  ∅  ∅  
↓  ■  →  ↓  ↓  →  ↓  ↓  ↓  ↓  ■  ■  ∅  ↓  →  ↓  ■  →  ↓  ↓  
∅  ∅  →  ∅  ∅  →  ∅  ∅  →  ∅  ∅  ∅  ■  ∅  →  ∅  ∅  →  ∅  ↓  
∅  ∅  ∅  ■  ∅  →  ∅  ∅  →  ∅  ∅  →  ∅  ∅  ■  ∅  ∅  →  →  ∅  
========== Simulator =====================================
Current State: 100
Current Abstract State: abstract_14
New Abstract State: abstract_7
Current Action: SOUTH
∅  ∅  →  ∅  ∅  ∅  ■  ∅  →  ∅  ∅  ■  ∅  ∅  →  ∅  ∅  →  ∅  ∅  
∅  ∅  →  ∅  ∅  →  ∅  ∅  →  ∅  ∅  →  ∅  ∅  →  ∅  ∅  →  ∅  ■  
↓  ↓  ↓  ↓  ↓  ■  ∅  ∅  ■  ↓  ↓  →  ↓  ↓  →  ↓  ■  →  ↓  ↓  
↓  →  →  ∅  ∅  ∅  ■  ■  ■  ∅  ∅  →  ∅  ∅  →  ∅  ■  →  ∅  ∅  
↓  →  →  ∅  ∅  →  ∅  ∅  ∅  ■  ∅  →  ∅  ∅  ∅  ■  ∅  →  ∅  ∅  
R  ■  →  ↓  ↓  →  ↓  ↓  →  ↓  ∅  →  ↓  ↓  →  ↓  ↓  →  ↓  ↓  
∅  ■  →  ∅  ∅  →  ∅  ∅  →  ∅  ■  →  ∅  ∅  →  ∅  ∅  →  ∅  ∅  
■  ∅  →  ∅  ∅  →  ∅  ∅  →  ∅  ∅  →  ∅  ∅  ■  ∅  ∅  ■  ∅  ∅  
∅  ↓  →  ↓  ■  →  ↓  ↓  →  ↓  ↓  →  ↓  ∅  →  ↓  ∅  →  ↓  ↓  
■  ∅  →  ∅  ∅  →  ∅  ∅  →  ∅  ∅  →  ∅  ■  →  ∅  ■  →  ∅  ∅  
∅  ∅  →  ∅  ∅  →  ∅  ∅  ■  ∅  ∅  →  ∅  ∅  ■  ∅  ∅  ■  ∅  ∅  
∅  ↓  →  ↓  ↓  →  ↓  ∅  →  ↓  ↓  →  ↓  ↓  ↓  ■  ↓  →  ↓  ↓  
■  ∅  →  ∅  ∅  →  ∅  ■  →  ∅  ∅  →  ∅  ∅  →  ∅  ∅  ■  ∅  ∅  
∅  ■  →  ∅  ∅  →  ∅  ■  →  ∅  ■  →  ∅  ∅  ■  ∅  ∅  →  ∅  ∅  
↓  ↓  →  ↓  ↓  →  ↓  ↓  ■  ↓  ↓  →  ↓  ↓  →  ∅  ↓  →  ↓  ↓  
∅  ∅  ■  ∅  ∅  →  ∅  ∅  →  ∅  ∅  →  ∅  ∅  ∅  ■  ∅  →  ∅  ∅  
∅  ∅  →  ∅  ∅  →  ∅  ∅  →  ∅  ∅  →  ∅  ∅  ∅  ■  ∅  →  ∅  ∅  
↓  ■  →  ↓  ↓  →  ↓  ↓  ↓  ↓  ■  ■  ∅  ↓  →  ↓  ■  →  ↓  ↓  
∅  ∅  →  ∅  ∅  →  ∅  ∅  →  ∅  ∅  ∅  ■  ∅  →  ∅  ∅  →  ∅  ↓  
∅  ∅  ∅  ■  ∅  →  ∅  ∅  →  ∅  ∅  →  ∅  ∅  ■  ∅  ∅  →  →  ∅  
========== Simulator =====================================
Current State: 120
Current Abstract State: abstract_7
New Abstract State: abstract_14
Current Action: NORTH
∅  ∅  →  ∅  ∅  ∅  ■  ∅  →  ∅  ∅  ■  ∅  ∅  →  ∅  ∅  →  ∅  ∅  
∅  ∅  →  ∅  ∅  →  ∅  ∅  →  ∅  ∅  →  ∅  ∅  →  ∅  ∅  →  ∅  ■  
↓  ↓  ↓  ↓  ↓  ■  ∅  ∅  ■  ↓  ↓  →  ↓  ↓  →  ↓  ■  →  ↓  ↓  
∅  ∅  →  ∅  ∅  ∅  ■  ■  ■  ∅  ∅  →  ∅  ∅  →  ∅  ■  →  ∅  ∅  
∅  ∅  →  ∅  ∅  →  ∅  ∅  ∅  ■  ∅  →  ∅  ∅  ∅  ■  ∅  →  ∅  ∅  
∅  ■  ↓  ↓  ↓  →  ↓  ↓  →  ↓  ∅  →  ↓  ↓  →  ↓  ↓  →  ↓  ↓  
R  ■  →  ∅  ∅  →  ∅  ∅  →  ∅  ■  →  ∅  ∅  →  ∅  ∅  →  ∅  ∅  
■  →  →  ∅  ∅  →  ∅  ∅  →  ∅  ∅  →  ∅  ∅  ■  ∅  ∅  ■  ∅  ∅  
→  →  →  ↓  ■  →  ↓  ↓  →  ↓  ↓  →  ↓  ∅  →  ↓  ∅  →  ↓  ↓  
■  ∅  →  ∅  ∅  →  ∅  ∅  →  ∅  ∅  →  ∅  ■  →  ∅  ■  →  ∅  ∅  
∅  ∅  →  ∅  ∅  →  ∅  ∅  ■  ∅  ∅  →  ∅  ∅  ■  ∅  ∅  ■  ∅  ∅  
∅  ↓  →  ↓  ↓  →  ↓  ∅  →  ↓  ↓  →  ↓  ↓  ↓  ■  ↓  →  ↓  ↓  
■  ∅  →  ∅  ∅  →  ∅  ■  →  ∅  ∅  →  ∅  ∅  →  ∅  ∅  ■  ∅  ∅  
∅  ■  →  ∅  ∅  →  ∅  ■  →  ∅  ■  →  ∅  ∅  ■  ∅  ∅  →  ∅  ∅  
↓  ↓  →  ↓  ↓  →  ↓  ↓  ■  ↓  ↓  →  ↓  ↓  →  ∅  ↓  →  ↓  ↓  
∅  ∅  ■  ∅  ∅  →  ∅  ∅  →  ∅  ∅  →  ∅  ∅  ∅  ■  ∅  →  ∅  ∅  
∅  ∅  →  ∅  ∅  →  ∅  ∅  →  ∅  ∅  →  ∅  ∅  ∅  ■  ∅  →  ∅  ∅  
↓  ■  →  ↓  ↓  →  ↓  ↓  ↓  ↓  ■  ■  ∅  ↓  →  ↓  ■  →  ↓  ↓  
∅  ∅  →  ∅  ∅  →  ∅  ∅  →  ∅  ∅  ∅  ■  ∅  →  ∅  ∅  →  ∅  ↓  
∅  ∅  ∅  ■  ∅  →  ∅  ∅  →  ∅  ∅  →  ∅  ∅  ■  ∅  ∅  →  →  ∅  
========== Simulator =====================================
Current State: 100
Current Abstract State: abstract_14
New Abstract State: abstract_7
Current Action: SOUTH
∅  ∅  →  ∅  ∅  ∅  ■  ∅  →  ∅  ∅  ■  ∅  ∅  →  ∅  ∅  →  ∅  ∅  
∅  ∅  →  ∅  ∅  →  ∅  ∅  →  ∅  ∅  →  ∅  ∅  →  ∅  ∅  →  ∅  ■  
↓  ↓  ↓  ↓  ↓  ■  ∅  ∅  ■  ↓  ↓  →  ↓  ↓  →  ↓  ■  →  ↓  ↓  
↓  →  →  ∅  ∅  ∅  ■  ■  ■  ∅  ∅  →  ∅  ∅  →  ∅  ■  →  ∅  ∅  
↓  →  →  ∅  ∅  →  ∅  ∅  ∅  ■  ∅  →  ∅  ∅  ∅  ■  ∅  →  ∅  ∅  
R  ■  →  ↓  ↓  →  ↓  ↓  →  ↓  ∅  →  ↓  ↓  →  ↓  ↓  →  ↓  ↓  
∅  ■  →  ∅  ∅  →  ∅  ∅  →  ∅  ■  →  ∅  ∅  →  ∅  ∅  →  ∅  ∅  
■  ∅  →  ∅  ∅  →  ∅  ∅  →  ∅  ∅  →  ∅  ∅  ■  ∅  ∅  ■  ∅  ∅  
∅  ↓  →  ↓  ■  →  ↓  ↓  →  ↓  ↓  →  ↓  ∅  →  ↓  ∅  →  ↓  ↓  
■  ∅  →  ∅  ∅  →  ∅  ∅  →  ∅  ∅  →  ∅  ■  →  ∅  ■  →  ∅  ∅  
∅  ∅  →  ∅  ∅  →  ∅  ∅  ■  ∅  ∅  →  ∅  ∅  ■  ∅  ∅  ■  ∅  ∅  
∅  ↓  →  ↓  ↓  →  ↓  ∅  →  ↓  ↓  →  ↓  ↓  ↓  ■  ↓  →  ↓  ↓  
■  ∅  →  ∅  ∅  →  ∅  ■  →  ∅  ∅  →  ∅  ∅  →  ∅  ∅  ■  ∅  ∅  
∅  ■  →  ∅  ∅  →  ∅  ■  →  ∅  ■  →  ∅  ∅  ■  ∅  ∅  →  ∅  ∅  
↓  ↓  →  ↓  ↓  →  ↓  ↓  ■  ↓  ↓  →  ↓  ↓  →  ∅  ↓  →  ↓  ↓  
∅  ∅  ■  ∅  ∅  →  ∅  ∅  →  ∅  ∅  →  ∅  ∅  ∅  ■  ∅  →  ∅  ∅  
∅  ∅  →  ∅  ∅  →  ∅  ∅  →  ∅  ∅  →  ∅  ∅  ∅  ■  ∅  →  ∅  ∅  
↓  ■  →  ↓  ↓  →  ↓  ↓  ↓  ↓  ■  ■  ∅  ↓  →  ↓  ■  →  ↓  ↓  
∅  ∅  →  ∅  ∅  →  ∅  ∅  →  ∅  ∅  ∅  ■  ∅  →  ∅  ∅  →  ∅  ↓  
∅  ∅  ∅  ■  ∅  →  ∅  ∅  →  ∅  ∅  →  ∅  ∅  ■  ∅  ∅  →  →  ∅  
========== Simulator =====================================
Current State: 120
Current Abstract State: abstract_7
New Abstract State: abstract_14
Current Action: NORTH
∅  ∅  →  ∅  ∅  ∅  ■  ∅  →  ∅  ∅  ■  ∅  ∅  →  ∅  ∅  →  ∅  ∅  
∅  ∅  →  ∅  ∅  →  ∅  ∅  →  ∅  ∅  →  ∅  ∅  →  ∅  ∅  →  ∅  ■  
↓  ↓  ↓  ↓  ↓  ■  ∅  ∅  ■  ↓  ↓  →  ↓  ↓  →  ↓  ■  →  ↓  ↓  
∅  ∅  →  ∅  ∅  ∅  ■  ■  ■  ∅  ∅  →  ∅  ∅  →  ∅  ■  →  ∅  ∅  
∅  ∅  →  ∅  ∅  →  ∅  ∅  ∅  ■  ∅  →  ∅  ∅  ∅  ■  ∅  →  ∅  ∅  
∅  ■  ↓  ↓  ↓  →  ↓  ↓  →  ↓  ∅  →  ↓  ↓  →  ↓  ↓  →  ↓  ↓  
R  ■  →  ∅  ∅  →  ∅  ∅  →  ∅  ■  →  ∅  ∅  →  ∅  ∅  →  ∅  ∅  
■  →  →  ∅  ∅  →  ∅  ∅  →  ∅  ∅  →  ∅  ∅  ■  ∅  ∅  ■  ∅  ∅  
→  →  →  ↓  ■  →  ↓  ↓  →  ↓  ↓  →  ↓  ∅  →  ↓  ∅  →  ↓  ↓  
■  ∅  →  ∅  ∅  →  ∅  ∅  →  ∅  ∅  →  ∅  ■  →  ∅  ■  →  ∅  ∅  
∅  ∅  →  ∅  ∅  →  ∅  ∅  ■  ∅  ∅  →  ∅  ∅  ■  ∅  ∅  ■  ∅  ∅  
∅  ↓  →  ↓  ↓  →  ↓  ∅  →  ↓  ↓  →  ↓  ↓  ↓  ■  ↓  →  ↓  ↓  
■  ∅  →  ∅  ∅  →  ∅  ■  →  ∅  ∅  →  ∅  ∅  →  ∅  ∅  ■  ∅  ∅  
∅  ■  →  ∅  ∅  →  ∅  ■  →  ∅  ■  →  ∅  ∅  ■  ∅  ∅  →  ∅  ∅  
↓  ↓  →  ↓  ↓  →  ↓  ↓  ■  ↓  ↓  →  ↓  ↓  →  ∅  ↓  →  ↓  ↓  
∅  ∅  ■  ∅  ∅  →  ∅  ∅  →  ∅  ∅  →  ∅  ∅  ∅  ■  ∅  →  ∅  ∅  
∅  ∅  →  ∅  ∅  →  ∅  ∅  →  ∅  ∅  →  ∅  ∅  ∅  ■  ∅  →  ∅  ∅  
↓  ■  →  ↓  ↓  →  ↓  ↓  ↓  ↓  ■  ■  ∅  ↓  →  ↓  ■  →  ↓  ↓  
∅  ∅  →  ∅  ∅  →  ∅  ∅  →  ∅  ∅  ∅  ■  ∅  →  ∅  ∅  →  ∅  ↓  
∅  ∅  ∅  ■  ∅  →  ∅  ∅  →  ∅  ∅  →  ∅  ∅  ■  ∅  ∅  →  →  ∅  
========== Simulator =====================================
Current State: 100
Current Abstract State: abstract_14
New Abstract State: abstract_7
Current Action: SOUTH
∅  ∅  →  ∅  ∅  ∅  ■  ∅  →  ∅  ∅  ■  ∅  ∅  →  ∅  ∅  →  ∅  ∅  
∅  ∅  →  ∅  ∅  →  ∅  ∅  →  ∅  ∅  →  ∅  ∅  →  ∅  ∅  →  ∅  ■  
↓  ↓  ↓  ↓  ↓  ■  ∅  ∅  ■  ↓  ↓  →  ↓  ↓  →  ↓  ■  →  ↓  ↓  
↓  →  →  ∅  ∅  ∅  ■  ■  ■  ∅  ∅  →  ∅  ∅  →  ∅  ■  →  ∅  ∅  
↓  →  →  ∅  ∅  →  ∅  ∅  ∅  ■  ∅  →  ∅  ∅  ∅  ■  ∅  →  ∅  ∅  
R  ■  →  ↓  ↓  →  ↓  ↓  →  ↓  ∅  →  ↓  ↓  →  ↓  ↓  →  ↓  ↓  
∅  ■  →  ∅  ∅  →  ∅  ∅  →  ∅  ■  →  ∅  ∅  →  ∅  ∅  →  ∅  ∅  
■  ∅  →  ∅  ∅  →  ∅  ∅  →  ∅  ∅  →  ∅  ∅  ■  ∅  ∅  ■  ∅  ∅  
∅  ↓  →  ↓  ■  →  ↓  ↓  →  ↓  ↓  →  ↓  ∅  →  ↓  ∅  →  ↓  ↓  
■  ∅  →  ∅  ∅  →  ∅  ∅  →  ∅  ∅  →  ∅  ■  →  ∅  ■  →  ∅  ∅  
∅  ∅  →  ∅  ∅  →  ∅  ∅  ■  ∅  ∅  →  ∅  ∅  ■  ∅  ∅  ■  ∅  ∅  
∅  ↓  →  ↓  ↓  →  ↓  ∅  →  ↓  ↓  →  ↓  ↓  ↓  ■  ↓  →  ↓  ↓  
■  ∅  →  ∅  ∅  →  ∅  ■  →  ∅  ∅  →  ∅  ∅  →  ∅  ∅  ■  ∅  ∅  
∅  ■  →  ∅  ∅  →  ∅  ■  →  ∅  ■  →  ∅  ∅  ■  ∅  ∅  →  ∅  ∅  
↓  ↓  →  ↓  ↓  →  ↓  ↓  ■  ↓  ↓  →  ↓  ↓  →  ∅  ↓  →  ↓  ↓  
∅  ∅  ■  ∅  ∅  →  ∅  ∅  →  ∅  ∅  →  ∅  ∅  ∅  ■  ∅  →  ∅  ∅  
∅  ∅  →  ∅  ∅  →  ∅  ∅  →  ∅  ∅  →  ∅  ∅  ∅  ■  ∅  →  ∅  ∅  
↓  ■  →  ↓  ↓  →  ↓  ↓  ↓  ↓  ■  ■  ∅  ↓  →  ↓  ■  →  ↓  ↓  
∅  ∅  →  ∅  ∅  →  ∅  ∅  →  ∅  ∅  ∅  ■  ∅  →  ∅  ∅  →  ∅  ↓  
∅  ∅  ∅  ■  ∅  →  ∅  ∅  →  ∅  ∅  →  ∅  ∅  ■  ∅  ∅  →  →  ∅  
========== Simulator =====================================
Current State: 120
Current Abstract State: abstract_7
New Abstract State: abstract_14
Current Action: NORTH
∅  ∅  →  ∅  ∅  ∅  ■  ∅  →  ∅  ∅  ■  ∅  ∅  →  ∅  ∅  →  ∅  ∅  
∅  ∅  →  ∅  ∅  →  ∅  ∅  →  ∅  ∅  →  ∅  ∅  →  ∅  ∅  →  ∅  ■  
↓  ↓  ↓  ↓  ↓  ■  ∅  ∅  ■  ↓  ↓  →  ↓  ↓  →  ↓  ■  →  ↓  ↓  
∅  ∅  →  ∅  ∅  ∅  ■  ■  ■  ∅  ∅  →  ∅  ∅  →  ∅  ■  →  ∅  ∅  
∅  ∅  →  ∅  ∅  →  ∅  ∅  ∅  ■  ∅  →  ∅  ∅  ∅  ■  ∅  →  ∅  ∅  
∅  ■  ↓  ↓  ↓  →  ↓  ↓  →  ↓  ∅  →  ↓  ↓  →  ↓  ↓  →  ↓  ↓  
R  ■  →  ∅  ∅  →  ∅  ∅  →  ∅  ■  →  ∅  ∅  →  ∅  ∅  →  ∅  ∅  
■  →  →  ∅  ∅  →  ∅  ∅  →  ∅  ∅  →  ∅  ∅  ■  ∅  ∅  ■  ∅  ∅  
→  →  →  ↓  ■  →  ↓  ↓  →  ↓  ↓  →  ↓  ∅  →  ↓  ∅  →  ↓  ↓  
■  ∅  →  ∅  ∅  →  ∅  ∅  →  ∅  ∅  →  ∅  ■  →  ∅  ■  →  ∅  ∅  
∅  ∅  →  ∅  ∅  →  ∅  ∅  ■  ∅  ∅  →  ∅  ∅  ■  ∅  ∅  ■  ∅  ∅  
∅  ↓  →  ↓  ↓  →  ↓  ∅  →  ↓  ↓  →  ↓  ↓  ↓  ■  ↓  →  ↓  ↓  
■  ∅  →  ∅  ∅  →  ∅  ■  →  ∅  ∅  →  ∅  ∅  →  ∅  ∅  ■  ∅  ∅  
∅  ■  →  ∅  ∅  →  ∅  ■  →  ∅  ■  →  ∅  ∅  ■  ∅  ∅  →  ∅  ∅  
↓  ↓  →  ↓  ↓  →  ↓  ↓  ■  ↓  ↓  →  ↓  ↓  →  ∅  ↓  →  ↓  ↓  
∅  ∅  ■  ∅  ∅  →  ∅  ∅  →  ∅  ∅  →  ∅  ∅  ∅  ■  ∅  →  ∅  ∅  
∅  ∅  →  ∅  ∅  →  ∅  ∅  →  ∅  ∅  →  ∅  ∅  ∅  ■  ∅  →  ∅  ∅  
↓  ■  →  ↓  ↓  →  ↓  ↓  ↓  ↓  ■  ■  ∅  ↓  →  ↓  ■  →  ↓  ↓  
∅  ∅  →  ∅  ∅  →  ∅  ∅  →  ∅  ∅  ∅  ■  ∅  →  ∅  ∅  →  ∅  ↓  
∅  ∅  ∅  ■  ∅  →  ∅  ∅  →  ∅  ∅  →  ∅  ∅  ■  ∅  ∅  →  →  ∅  
========== Simulator =====================================
Current State: 100
Current Abstract State: abstract_14
New Abstract State: abstract_7
Current Action: SOUTH
∅  ∅  →  ∅  ∅  ∅  ■  ∅  →  ∅  ∅  ■  ∅  ∅  →  ∅  ∅  →  ∅  ∅  
∅  ∅  →  ∅  ∅  →  ∅  ∅  →  ∅  ∅  →  ∅  ∅  →  ∅  ∅  →  ∅  ■  
↓  ↓  ↓  ↓  ↓  ■  ∅  ∅  ■  ↓  ↓  →  ↓  ↓  →  ↓  ■  →  ↓  ↓  
↓  →  →  ∅  ∅  ∅  ■  ■  ■  ∅  ∅  →  ∅  ∅  →  ∅  ■  →  ∅  ∅  
↓  →  →  ∅  ∅  →  ∅  ∅  ∅  ■  ∅  →  ∅  ∅  ∅  ■  ∅  →  ∅  ∅  
R  ■  →  ↓  ↓  →  ↓  ↓  →  ↓  ∅  →  ↓  ↓  →  ↓  ↓  →  ↓  ↓  
∅  ■  →  ∅  ∅  →  ∅  ∅  →  ∅  ■  →  ∅  ∅  →  ∅  ∅  →  ∅  ∅  
■  ∅  →  ∅  ∅  →  ∅  ∅  →  ∅  ∅  →  ∅  ∅  ■  ∅  ∅  ■  ∅  ∅  
∅  ↓  →  ↓  ■  →  ↓  ↓  →  ↓  ↓  →  ↓  ∅  →  ↓  ∅  →  ↓  ↓  
■  ∅  →  ∅  ∅  →  ∅  ∅  →  ∅  ∅  →  ∅  ■  →  ∅  ■  →  ∅  ∅  
∅  ∅  →  ∅  ∅  →  ∅  ∅  ■  ∅  ∅  →  ∅  ∅  ■  ∅  ∅  ■  ∅  ∅  
∅  ↓  →  ↓  ↓  →  ↓  ∅  →  ↓  ↓  →  ↓  ↓  ↓  ■  ↓  →  ↓  ↓  
■  ∅  →  ∅  ∅  →  ∅  ■  →  ∅  ∅  →  ∅  ∅  →  ∅  ∅  ■  ∅  ∅  
∅  ■  →  ∅  ∅  →  ∅  ■  →  ∅  ■  →  ∅  ∅  ■  ∅  ∅  →  ∅  ∅  
↓  ↓  →  ↓  ↓  →  ↓  ↓  ■  ↓  ↓  →  ↓  ↓  →  ∅  ↓  →  ↓  ↓  
∅  ∅  ■  ∅  ∅  →  ∅  ∅  →  ∅  ∅  →  ∅  ∅  ∅  ■  ∅  →  ∅  ∅  
∅  ∅  →  ∅  ∅  →  ∅  ∅  →  ∅  ∅  →  ∅  ∅  ∅  ■  ∅  →  ∅  ∅  
↓  ■  →  ↓  ↓  →  ↓  ↓  ↓  ↓  ■  ■  ∅  ↓  →  ↓  ■  →  ↓  ↓  
∅  ∅  →  ∅  ∅  →  ∅  ∅  →  ∅  ∅  ∅  ■  ∅  →  ∅  ∅  →  ∅  ↓  
∅  ∅  ∅  ■  ∅  →  ∅  ∅  →  ∅  ∅  →  ∅  ∅  ■  ∅  ∅  →  →  ∅  
========== Simulator =====================================
Current State: 120
Current Abstract State: abstract_7
New Abstract State: abstract_14
Current Action: NORTH
∅  ∅  →  ∅  ∅  ∅  ■  ∅  →  ∅  ∅  ■  ∅  ∅  →  ∅  ∅  →  ∅  ∅  
∅  ∅  →  ∅  ∅  →  ∅  ∅  →  ∅  ∅  →  ∅  ∅  →  ∅  ∅  →  ∅  ■  
↓  ↓  ↓  ↓  ↓  ■  ∅  ∅  ■  ↓  ↓  →  ↓  ↓  →  ↓  ■  →  ↓  ↓  
∅  ∅  →  ∅  ∅  ∅  ■  ■  ■  ∅  ∅  →  ∅  ∅  →  ∅  ■  →  ∅  ∅  
∅  ∅  →  ∅  ∅  →  ∅  ∅  ∅  ■  ∅  →  ∅  ∅  ∅  ■  ∅  →  ∅  ∅  
∅  ■  ↓  ↓  ↓  →  ↓  ↓  →  ↓  ∅  →  ↓  ↓  →  ↓  ↓  →  ↓  ↓  
R  ■  →  ∅  ∅  →  ∅  ∅  →  ∅  ■  →  ∅  ∅  →  ∅  ∅  →  ∅  ∅  
■  →  →  ∅  ∅  →  ∅  ∅  →  ∅  ∅  →  ∅  ∅  ■  ∅  ∅  ■  ∅  ∅  
→  →  →  ↓  ■  →  ↓  ↓  →  ↓  ↓  →  ↓  ∅  →  ↓  ∅  →  ↓  ↓  
■  ∅  →  ∅  ∅  →  ∅  ∅  →  ∅  ∅  →  ∅  ■  →  ∅  ■  →  ∅  ∅  
∅  ∅  →  ∅  ∅  →  ∅  ∅  ■  ∅  ∅  →  ∅  ∅  ■  ∅  ∅  ■  ∅  ∅  
∅  ↓  →  ↓  ↓  →  ↓  ∅  →  ↓  ↓  →  ↓  ↓  ↓  ■  ↓  →  ↓  ↓  
■  ∅  →  ∅  ∅  →  ∅  ■  →  ∅  ∅  →  ∅  ∅  →  ∅  ∅  ■  ∅  ∅  
∅  ■  →  ∅  ∅  →  ∅  ■  →  ∅  ■  →  ∅  ∅  ■  ∅  ∅  →  ∅  ∅  
↓  ↓  →  ↓  ↓  →  ↓  ↓  ■  ↓  ↓  →  ↓  ↓  →  ∅  ↓  →  ↓  ↓  
∅  ∅  ■  ∅  ∅  →  ∅  ∅  →  ∅  ∅  →  ∅  ∅  ∅  ■  ∅  →  ∅  ∅  
∅  ∅  →  ∅  ∅  →  ∅  ∅  →  ∅  ∅  →  ∅  ∅  ∅  ■  ∅  →  ∅  ∅  
↓  ■  →  ↓  ↓  →  ↓  ↓  ↓  ↓  ■  ■  ∅  ↓  →  ↓  ■  →  ↓  ↓  
∅  ∅  →  ∅  ∅  →  ∅  ∅  →  ∅  ∅  ∅  ■  ∅  →  ∅  ∅  →  ∅  ↓  
∅  ∅  ∅  ■  ∅  →  ∅  ∅  →  ∅  ∅  →  ∅  ∅  ■  ∅  ∅  →  →  ∅  
========== Simulator =====================================
Current State: 100
Current Abstract State: abstract_14
New Abstract State: abstract_7
Current Action: SOUTH
∅  ∅  →  ∅  ∅  ∅  ■  ∅  →  ∅  ∅  ■  ∅  ∅  →  ∅  ∅  →  ∅  ∅  
∅  ∅  →  ∅  ∅  →  ∅  ∅  →  ∅  ∅  →  ∅  ∅  →  ∅  ∅  →  ∅  ■  
↓  ↓  ↓  ↓  ↓  ■  ∅  ∅  ■  ↓  ↓  →  ↓  ↓  →  ↓  ■  →  ↓  ↓  
↓  →  →  ∅  ∅  ∅  ■  ■  ■  ∅  ∅  →  ∅  ∅  →  ∅  ■  →  ∅  ∅  
↓  →  →  ∅  ∅  →  ∅  ∅  ∅  ■  ∅  →  ∅  ∅  ∅  ■  ∅  →  ∅  ∅  
R  ■  →  ↓  ↓  →  ↓  ↓  →  ↓  ∅  →  ↓  ↓  →  ↓  ↓  →  ↓  ↓  
∅  ■  →  ∅  ∅  →  ∅  ∅  →  ∅  ■  →  ∅  ∅  →  ∅  ∅  →  ∅  ∅  
■  ∅  →  ∅  ∅  →  ∅  ∅  →  ∅  ∅  →  ∅  ∅  ■  ∅  ∅  ■  ∅  ∅  
∅  ↓  →  ↓  ■  →  ↓  ↓  →  ↓  ↓  →  ↓  ∅  →  ↓  ∅  →  ↓  ↓  
■  ∅  →  ∅  ∅  →  ∅  ∅  →  ∅  ∅  →  ∅  ■  →  ∅  ■  →  ∅  ∅  
∅  ∅  →  ∅  ∅  →  ∅  ∅  ■  ∅  ∅  →  ∅  ∅  ■  ∅  ∅  ■  ∅  ∅  
∅  ↓  →  ↓  ↓  →  ↓  ∅  →  ↓  ↓  →  ↓  ↓  ↓  ■  ↓  →  ↓  ↓  
■  ∅  →  ∅  ∅  →  ∅  ■  →  ∅  ∅  →  ∅  ∅  →  ∅  ∅  ■  ∅  ∅  
∅  ■  →  ∅  ∅  →  ∅  ■  →  ∅  ■  →  ∅  ∅  ■  ∅  ∅  →  ∅  ∅  
↓  ↓  →  ↓  ↓  →  ↓  ↓  ■  ↓  ↓  →  ↓  ↓  →  ∅  ↓  →  ↓  ↓  
∅  ∅  ■  ∅  ∅  →  ∅  ∅  →  ∅  ∅  →  ∅  ∅  ∅  ■  ∅  →  ∅  ∅  
∅  ∅  →  ∅  ∅  →  ∅  ∅  →  ∅  ∅  →  ∅  ∅  ∅  ■  ∅  →  ∅  ∅  
↓  ■  →  ↓  ↓  →  ↓  ↓  ↓  ↓  ■  ■  ∅  ↓  →  ↓  ■  →  ↓  ↓  
∅  ∅  →  ∅  ∅  →  ∅  ∅  →  ∅  ∅  ∅  ■  ∅  →  ∅  ∅  →  ∅  ↓  
∅  ∅  ∅  ■  ∅  →  ∅  ∅  →  ∅  ∅  →  ∅  ∅  ■  ∅  ∅  →  →  ∅  
========== Simulator =====================================
Current State: 120
Current Abstract State: abstract_7
New Abstract State: abstract_14
Current Action: NORTH
∅  ∅  →  ∅  ∅  ∅  ■  ∅  →  ∅  ∅  ■  ∅  ∅  →  ∅  ∅  →  ∅  ∅  
∅  ∅  →  ∅  ∅  →  ∅  ∅  →  ∅  ∅  →  ∅  ∅  →  ∅  ∅  →  ∅  ■  
↓  ↓  ↓  ↓  ↓  ■  ∅  ∅  ■  ↓  ↓  →  ↓  ↓  →  ↓  ■  →  ↓  ↓  
∅  ∅  →  ∅  ∅  ∅  ■  ■  ■  ∅  ∅  →  ∅  ∅  →  ∅  ■  →  ∅  ∅  
∅  ∅  →  ∅  ∅  →  ∅  ∅  ∅  ■  ∅  →  ∅  ∅  ∅  ■  ∅  →  ∅  ∅  
∅  ■  ↓  ↓  ↓  →  ↓  ↓  →  ↓  ∅  →  ↓  ↓  →  ↓  ↓  →  ↓  ↓  
R  ■  →  ∅  ∅  →  ∅  ∅  →  ∅  ■  →  ∅  ∅  →  ∅  ∅  →  ∅  ∅  
■  →  →  ∅  ∅  →  ∅  ∅  →  ∅  ∅  →  ∅  ∅  ■  ∅  ∅  ■  ∅  ∅  
→  →  →  ↓  ■  →  ↓  ↓  →  ↓  ↓  →  ↓  ∅  →  ↓  ∅  →  ↓  ↓  
■  ∅  →  ∅  ∅  →  ∅  ∅  →  ∅  ∅  →  ∅  ■  →  ∅  ■  →  ∅  ∅  
∅  ∅  →  ∅  ∅  →  ∅  ∅  ■  ∅  ∅  →  ∅  ∅  ■  ∅  ∅  ■  ∅  ∅  
∅  ↓  →  ↓  ↓  →  ↓  ∅  →  ↓  ↓  →  ↓  ↓  ↓  ■  ↓  →  ↓  ↓  
■  ∅  →  ∅  ∅  →  ∅  ■  →  ∅  ∅  →  ∅  ∅  →  ∅  ∅  ■  ∅  ∅  
∅  ■  →  ∅  ∅  →  ∅  ■  →  ∅  ■  →  ∅  ∅  ■  ∅  ∅  →  ∅  ∅  
↓  ↓  →  ↓  ↓  →  ↓  ↓  ■  ↓  ↓  →  ↓  ↓  →  ∅  ↓  →  ↓  ↓  
∅  ∅  ■  ∅  ∅  →  ∅  ∅  →  ∅  ∅  →  ∅  ∅  ∅  ■  ∅  →  ∅  ∅  
∅  ∅  →  ∅  ∅  →  ∅  ∅  →  ∅  ∅  →  ∅  ∅  ∅  ■  ∅  →  ∅  ∅  
↓  ■  →  ↓  ↓  →  ↓  ↓  ↓  ↓  ■  ■  ∅  ↓  →  ↓  ■  →  ↓  ↓  
∅  ∅  →  ∅  ∅  →  ∅  ∅  →  ∅  ∅  ∅  ■  ∅  →  ∅  ∅  →  ∅  ↓  
∅  ∅  ∅  ■  ∅  →  ∅  ∅  →  ∅  ∅  →  ∅  ∅  ■  ∅  ∅  →  →  ∅  
========== Simulator =====================================
Current State: 100
Current Abstract State: abstract_14
New Abstract State: abstract_7
Current Action: SOUTH
∅  ∅  →  ∅  ∅  ∅  ■  ∅  →  ∅  ∅  ■  ∅  ∅  →  ∅  ∅  →  ∅  ∅  
∅  ∅  →  ∅  ∅  →  ∅  ∅  →  ∅  ∅  →  ∅  ∅  →  ∅  ∅  →  ∅  ■  
↓  ↓  ↓  ↓  ↓  ■  ∅  ∅  ■  ↓  ↓  →  ↓  ↓  →  ↓  ■  →  ↓  ↓  
↓  →  →  ∅  ∅  ∅  ■  ■  ■  ∅  ∅  →  ∅  ∅  →  ∅  ■  →  ∅  ∅  
↓  →  →  ∅  ∅  →  ∅  ∅  ∅  ■  ∅  →  ∅  ∅  ∅  ■  ∅  →  ∅  ∅  
R  ■  →  ↓  ↓  →  ↓  ↓  →  ↓  ∅  →  ↓  ↓  →  ↓  ↓  →  ↓  ↓  
∅  ■  →  ∅  ∅  →  ∅  ∅  →  ∅  ■  →  ∅  ∅  →  ∅  ∅  →  ∅  ∅  
■  ∅  →  ∅  ∅  →  ∅  ∅  →  ∅  ∅  →  ∅  ∅  ■  ∅  ∅  ■  ∅  ∅  
∅  ↓  →  ↓  ■  →  ↓  ↓  →  ↓  ↓  →  ↓  ∅  →  ↓  ∅  →  ↓  ↓  
■  ∅  →  ∅  ∅  →  ∅  ∅  →  ∅  ∅  →  ∅  ■  →  ∅  ■  →  ∅  ∅  
∅  ∅  →  ∅  ∅  →  ∅  ∅  ■  ∅  ∅  →  ∅  ∅  ■  ∅  ∅  ■  ∅  ∅  
∅  ↓  →  ↓  ↓  →  ↓  ∅  →  ↓  ↓  →  ↓  ↓  ↓  ■  ↓  →  ↓  ↓  
■  ∅  →  ∅  ∅  →  ∅  ■  →  ∅  ∅  →  ∅  ∅  →  ∅  ∅  ■  ∅  ∅  
∅  ■  →  ∅  ∅  →  ∅  ■  →  ∅  ■  →  ∅  ∅  ■  ∅  ∅  →  ∅  ∅  
↓  ↓  →  ↓  ↓  →  ↓  ↓  ■  ↓  ↓  →  ↓  ↓  →  ∅  ↓  →  ↓  ↓  
∅  ∅  ■  ∅  ∅  →  ∅  ∅  →  ∅  ∅  →  ∅  ∅  ∅  ■  ∅  →  ∅  ∅  
∅  ∅  →  ∅  ∅  →  ∅  ∅  →  ∅  ∅  →  ∅  ∅  ∅  ■  ∅  →  ∅  ∅  
↓  ■  →  ↓  ↓  →  ↓  ↓  ↓  ↓  ■  ■  ∅  ↓  →  ↓  ■  →  ↓  ↓  
∅  ∅  →  ∅  ∅  →  ∅  ∅  →  ∅  ∅  ∅  ■  ∅  →  ∅  ∅  →  ∅  ↓  
∅  ∅  ∅  ■  ∅  →  ∅  ∅  →  ∅  ∅  →  ∅  ∅  ■  ∅  ∅  →  →  ∅  
========== Simulator =====================================
Current State: 120
Current Abstract State: abstract_7
New Abstract State: abstract_14
Current Action: NORTH
∅  ∅  →  ∅  ∅  ∅  ■  ∅  →  ∅  ∅  ■  ∅  ∅  →  ∅  ∅  →  ∅  ∅  
∅  ∅  →  ∅  ∅  →  ∅  ∅  →  ∅  ∅  →  ∅  ∅  →  ∅  ∅  →  ∅  ■  
↓  ↓  ↓  ↓  ↓  ■  ∅  ∅  ■  ↓  ↓  →  ↓  ↓  →  ↓  ■  →  ↓  ↓  
∅  ∅  →  ∅  ∅  ∅  ■  ■  ■  ∅  ∅  →  ∅  ∅  →  ∅  ■  →  ∅  ∅  
∅  ∅  →  ∅  ∅  →  ∅  ∅  ∅  ■  ∅  →  ∅  ∅  ∅  ■  ∅  →  ∅  ∅  
∅  ■  ↓  ↓  ↓  →  ↓  ↓  →  ↓  ∅  →  ↓  ↓  →  ↓  ↓  →  ↓  ↓  
R  ■  →  ∅  ∅  →  ∅  ∅  →  ∅  ■  →  ∅  ∅  →  ∅  ∅  →  ∅  ∅  
■  →  →  ∅  ∅  →  ∅  ∅  →  ∅  ∅  →  ∅  ∅  ■  ∅  ∅  ■  ∅  ∅  
→  →  →  ↓  ■  →  ↓  ↓  →  ↓  ↓  →  ↓  ∅  →  ↓  ∅  →  ↓  ↓  
■  ∅  →  ∅  ∅  →  ∅  ∅  →  ∅  ∅  →  ∅  ■  →  ∅  ■  →  ∅  ∅  
∅  ∅  →  ∅  ∅  →  ∅  ∅  ■  ∅  ∅  →  ∅  ∅  ■  ∅  ∅  ■  ∅  ∅  
∅  ↓  →  ↓  ↓  →  ↓  ∅  →  ↓  ↓  →  ↓  ↓  ↓  ■  ↓  →  ↓  ↓  
■  ∅  →  ∅  ∅  →  ∅  ■  →  ∅  ∅  →  ∅  ∅  →  ∅  ∅  ■  ∅  ∅  
∅  ■  →  ∅  ∅  →  ∅  ■  →  ∅  ■  →  ∅  ∅  ■  ∅  ∅  →  ∅  ∅  
↓  ↓  →  ↓  ↓  →  ↓  ↓  ■  ↓  ↓  →  ↓  ↓  →  ∅  ↓  →  ↓  ↓  
∅  ∅  ■  ∅  ∅  →  ∅  ∅  →  ∅  ∅  →  ∅  ∅  ∅  ■  ∅  →  ∅  ∅  
∅  ∅  →  ∅  ∅  →  ∅  ∅  →  ∅  ∅  →  ∅  ∅  ∅  ■  ∅  →  ∅  ∅  
↓  ■  →  ↓  ↓  →  ↓  ↓  ↓  ↓  ■  ■  ∅  ↓  →  ↓  ■  →  ↓  ↓  
∅  ∅  →  ∅  ∅  →  ∅  ∅  →  ∅  ∅  ∅  ■  ∅  →  ∅  ∅  →  ∅  ↓  
∅  ∅  ∅  ■  ∅  →  ∅  ∅  →  ∅  ∅  →  ∅  ∅  ■  ∅  ∅  →  →  ∅  
========== Simulator =====================================
Current State: 100
Current Abstract State: abstract_14
New Abstract State: abstract_7
Current Action: SOUTH
∅  ∅  →  ∅  ∅  ∅  ■  ∅  →  ∅  ∅  ■  ∅  ∅  →  ∅  ∅  →  ∅  ∅  
∅  ∅  →  ∅  ∅  →  ∅  ∅  →  ∅  ∅  →  ∅  ∅  →  ∅  ∅  →  ∅  ■  
↓  ↓  ↓  ↓  ↓  ■  ∅  ∅  ■  ↓  ↓  →  ↓  ↓  →  ↓  ■  →  ↓  ↓  
↓  →  →  ∅  ∅  ∅  ■  ■  ■  ∅  ∅  →  ∅  ∅  →  ∅  ■  →  ∅  ∅  
↓  →  →  ∅  ∅  →  ∅  ∅  ∅  ■  ∅  →  ∅  ∅  ∅  ■  ∅  →  ∅  ∅  
R  ■  →  ↓  ↓  →  ↓  ↓  →  ↓  ∅  →  ↓  ↓  →  ↓  ↓  →  ↓  ↓  
∅  ■  →  ∅  ∅  →  ∅  ∅  →  ∅  ■  →  ∅  ∅  →  ∅  ∅  →  ∅  ∅  
■  ∅  →  ∅  ∅  →  ∅  ∅  →  ∅  ∅  →  ∅  ∅  ■  ∅  ∅  ■  ∅  ∅  
∅  ↓  →  ↓  ■  →  ↓  ↓  →  ↓  ↓  →  ↓  ∅  →  ↓  ∅  →  ↓  ↓  
■  ∅  →  ∅  ∅  →  ∅  ∅  →  ∅  ∅  →  ∅  ■  →  ∅  ■  →  ∅  ∅  
∅  ∅  →  ∅  ∅  →  ∅  ∅  ■  ∅  ∅  →  ∅  ∅  ■  ∅  ∅  ■  ∅  ∅  
∅  ↓  →  ↓  ↓  →  ↓  ∅  →  ↓  ↓  →  ↓  ↓  ↓  ■  ↓  →  ↓  ↓  
■  ∅  →  ∅  ∅  →  ∅  ■  →  ∅  ∅  →  ∅  ∅  →  ∅  ∅  ■  ∅  ∅  
∅  ■  →  ∅  ∅  →  ∅  ■  →  ∅  ■  →  ∅  ∅  ■  ∅  ∅  →  ∅  ∅  
↓  ↓  →  ↓  ↓  →  ↓  ↓  ■  ↓  ↓  →  ↓  ↓  →  ∅  ↓  →  ↓  ↓  
∅  ∅  ■  ∅  ∅  →  ∅  ∅  →  ∅  ∅  →  ∅  ∅  ∅  ■  ∅  →  ∅  ∅  
∅  ∅  →  ∅  ∅  →  ∅  ∅  →  ∅  ∅  →  ∅  ∅  ∅  ■  ∅  →  ∅  ∅  
↓  ■  →  ↓  ↓  →  ↓  ↓  ↓  ↓  ■  ■  ∅  ↓  →  ↓  ■  →  ↓  ↓  
∅  ∅  →  ∅  ∅  →  ∅  ∅  →  ∅  ∅  ∅  ■  ∅  →  ∅  ∅  →  ∅  ↓  
∅  ∅  ∅  ■  ∅  →  ∅  ∅  →  ∅  ∅  →  ∅  ∅  ■  ∅  ∅  →  →  ∅  
========== Simulator =====================================
Current State: 120
Current Abstract State: abstract_7
New Abstract State: abstract_14
Current Action: NORTH
∅  ∅  →  ∅  ∅  ∅  ■  ∅  →  ∅  ∅  ■  ∅  ∅  →  ∅  ∅  →  ∅  ∅  
∅  ∅  →  ∅  ∅  →  ∅  ∅  →  ∅  ∅  →  ∅  ∅  →  ∅  ∅  →  ∅  ■  
↓  ↓  ↓  ↓  ↓  ■  ∅  ∅  ■  ↓  ↓  →  ↓  ↓  →  ↓  ■  →  ↓  ↓  
∅  ∅  →  ∅  ∅  ∅  ■  ■  ■  ∅  ∅  →  ∅  ∅  →  ∅  ■  →  ∅  ∅  
∅  ∅  →  ∅  ∅  →  ∅  ∅  ∅  ■  ∅  →  ∅  ∅  ∅  ■  ∅  →  ∅  ∅  
∅  ■  ↓  ↓  ↓  →  ↓  ↓  →  ↓  ∅  →  ↓  ↓  →  ↓  ↓  →  ↓  ↓  
R  ■  →  ∅  ∅  →  ∅  ∅  →  ∅  ■  →  ∅  ∅  →  ∅  ∅  →  ∅  ∅  
■  →  →  ∅  ∅  →  ∅  ∅  →  ∅  ∅  →  ∅  ∅  ■  ∅  ∅  ■  ∅  ∅  
→  →  →  ↓  ■  →  ↓  ↓  →  ↓  ↓  →  ↓  ∅  →  ↓  ∅  →  ↓  ↓  
■  ∅  →  ∅  ∅  →  ∅  ∅  →  ∅  ∅  →  ∅  ■  →  ∅  ■  →  ∅  ∅  
∅  ∅  →  ∅  ∅  →  ∅  ∅  ■  ∅  ∅  →  ∅  ∅  ■  ∅  ∅  ■  ∅  ∅  
∅  ↓  →  ↓  ↓  →  ↓  ∅  →  ↓  ↓  →  ↓  ↓  ↓  ■  ↓  →  ↓  ↓  
■  ∅  →  ∅  ∅  →  ∅  ■  →  ∅  ∅  →  ∅  ∅  →  ∅  ∅  ■  ∅  ∅  
∅  ■  →  ∅  ∅  →  ∅  ■  →  ∅  ■  →  ∅  ∅  ■  ∅  ∅  →  ∅  ∅  
↓  ↓  →  ↓  ↓  →  ↓  ↓  ■  ↓  ↓  →  ↓  ↓  →  ∅  ↓  →  ↓  ↓  
∅  ∅  ■  ∅  ∅  →  ∅  ∅  →  ∅  ∅  →  ∅  ∅  ∅  ■  ∅  →  ∅  ∅  
∅  ∅  →  ∅  ∅  →  ∅  ∅  →  ∅  ∅  →  ∅  ∅  ∅  ■  ∅  →  ∅  ∅  
↓  ■  →  ↓  ↓  →  ↓  ↓  ↓  ↓  ■  ■  ∅  ↓  →  ↓  ■  →  ↓  ↓  
∅  ∅  →  ∅  ∅  →  ∅  ∅  →  ∅  ∅  ∅  ■  ∅  →  ∅  ∅  →  ∅  ↓  
∅  ∅  ∅  ■  ∅  →  ∅  ∅  →  ∅  ∅  →  ∅  ∅  ■  ∅  ∅  →  →  ∅  
========== Simulator =====================================
Current State: 100
Current Abstract State: abstract_14
New Abstract State: abstract_7
Current Action: SOUTH
∅  ∅  →  ∅  ∅  ∅  ■  ∅  →  ∅  ∅  ■  ∅  ∅  →  ∅  ∅  →  ∅  ∅  
∅  ∅  →  ∅  ∅  →  ∅  ∅  →  ∅  ∅  →  ∅  ∅  →  ∅  ∅  →  ∅  ■  
↓  ↓  ↓  ↓  ↓  ■  ∅  ∅  ■  ↓  ↓  →  ↓  ↓  →  ↓  ■  →  ↓  ↓  
↓  →  →  ∅  ∅  ∅  ■  ■  ■  ∅  ∅  →  ∅  ∅  →  ∅  ■  →  ∅  ∅  
↓  →  →  ∅  ∅  →  ∅  ∅  ∅  ■  ∅  →  ∅  ∅  ∅  ■  ∅  →  ∅  ∅  
R  ■  →  ↓  ↓  →  ↓  ↓  →  ↓  ∅  →  ↓  ↓  →  ↓  ↓  →  ↓  ↓  
∅  ■  →  ∅  ∅  →  ∅  ∅  →  ∅  ■  →  ∅  ∅  →  ∅  ∅  →  ∅  ∅  
■  ∅  →  ∅  ∅  →  ∅  ∅  →  ∅  ∅  →  ∅  ∅  ■  ∅  ∅  ■  ∅  ∅  
∅  ↓  →  ↓  ■  →  ↓  ↓  →  ↓  ↓  →  ↓  ∅  →  ↓  ∅  →  ↓  ↓  
■  ∅  →  ∅  ∅  →  ∅  ∅  →  ∅  ∅  →  ∅  ■  →  ∅  ■  →  ∅  ∅  
∅  ∅  →  ∅  ∅  →  ∅  ∅  ■  ∅  ∅  →  ∅  ∅  ■  ∅  ∅  ■  ∅  ∅  
∅  ↓  →  ↓  ↓  →  ↓  ∅  →  ↓  ↓  →  ↓  ↓  ↓  ■  ↓  →  ↓  ↓  
■  ∅  →  ∅  ∅  →  ∅  ■  →  ∅  ∅  →  ∅  ∅  →  ∅  ∅  ■  ∅  ∅  
∅  ■  →  ∅  ∅  →  ∅  ■  →  ∅  ■  →  ∅  ∅  ■  ∅  ∅  →  ∅  ∅  
↓  ↓  →  ↓  ↓  →  ↓  ↓  ■  ↓  ↓  →  ↓  ↓  →  ∅  ↓  →  ↓  ↓  
∅  ∅  ■  ∅  ∅  →  ∅  ∅  →  ∅  ∅  →  ∅  ∅  ∅  ■  ∅  →  ∅  ∅  
∅  ∅  →  ∅  ∅  →  ∅  ∅  →  ∅  ∅  →  ∅  ∅  ∅  ■  ∅  →  ∅  ∅  
↓  ■  →  ↓  ↓  →  ↓  ↓  ↓  ↓  ■  ■  ∅  ↓  →  ↓  ■  →  ↓  ↓  
∅  ∅  →  ∅  ∅  →  ∅  ∅  →  ∅  ∅  ∅  ■  ∅  →  ∅  ∅  →  ∅  ↓  
∅  ∅  ∅  ■  ∅  →  ∅  ∅  →  ∅  ∅  →  ∅  ∅  ■  ∅  ∅  →  →  ∅  
========== Simulator =====================================
Current State: 120
Current Abstract State: abstract_7
New Abstract State: abstract_14
Current Action: NORTH
∅  ∅  →  ∅  ∅  ∅  ■  ∅  →  ∅  ∅  ■  ∅  ∅  →  ∅  ∅  →  ∅  ∅  
∅  ∅  →  ∅  ∅  →  ∅  ∅  →  ∅  ∅  →  ∅  ∅  →  ∅  ∅  →  ∅  ■  
↓  ↓  ↓  ↓  ↓  ■  ∅  ∅  ■  ↓  ↓  →  ↓  ↓  →  ↓  ■  →  ↓  ↓  
∅  ∅  →  ∅  ∅  ∅  ■  ■  ■  ∅  ∅  →  ∅  ∅  →  ∅  ■  →  ∅  ∅  
∅  ∅  →  ∅  ∅  →  ∅  ∅  ∅  ■  ∅  →  ∅  ∅  ∅  ■  ∅  →  ∅  ∅  
∅  ■  ↓  ↓  ↓  →  ↓  ↓  →  ↓  ∅  →  ↓  ↓  →  ↓  ↓  →  ↓  ↓  
R  ■  →  ∅  ∅  →  ∅  ∅  →  ∅  ■  →  ∅  ∅  →  ∅  ∅  →  ∅  ∅  
■  →  →  ∅  ∅  →  ∅  ∅  →  ∅  ∅  →  ∅  ∅  ■  ∅  ∅  ■  ∅  ∅  
→  →  →  ↓  ■  →  ↓  ↓  →  ↓  ↓  →  ↓  ∅  →  ↓  ∅  →  ↓  ↓  
■  ∅  →  ∅  ∅  →  ∅  ∅  →  ∅  ∅  →  ∅  ■  →  ∅  ■  →  ∅  ∅  
∅  ∅  →  ∅  ∅  →  ∅  ∅  ■  ∅  ∅  →  ∅  ∅  ■  ∅  ∅  ■  ∅  ∅  
∅  ↓  →  ↓  ↓  →  ↓  ∅  →  ↓  ↓  →  ↓  ↓  ↓  ■  ↓  →  ↓  ↓  
■  ∅  →  ∅  ∅  →  ∅  ■  →  ∅  ∅  →  ∅  ∅  →  ∅  ∅  ■  ∅  ∅  
∅  ■  →  ∅  ∅  →  ∅  ■  →  ∅  ■  →  ∅  ∅  ■  ∅  ∅  →  ∅  ∅  
↓  ↓  →  ↓  ↓  →  ↓  ↓  ■  ↓  ↓  →  ↓  ↓  →  ∅  ↓  →  ↓  ↓  
∅  ∅  ■  ∅  ∅  →  ∅  ∅  →  ∅  ∅  →  ∅  ∅  ∅  ■  ∅  →  ∅  ∅  
∅  ∅  →  ∅  ∅  →  ∅  ∅  →  ∅  ∅  →  ∅  ∅  ∅  ■  ∅  →  ∅  ∅  
↓  ■  →  ↓  ↓  →  ↓  ↓  ↓  ↓  ■  ■  ∅  ↓  →  ↓  ■  →  ↓  ↓  
∅  ∅  →  ∅  ∅  →  ∅  ∅  →  ∅  ∅  ∅  ■  ∅  →  ∅  ∅  →  ∅  ↓  
∅  ∅  ∅  ■  ∅  →  ∅  ∅  →  ∅  ∅  →  ∅  ∅  ■  ∅  ∅  →  →  ∅  
========== Simulator =====================================
Current State: 100
Current Abstract State: abstract_14
New Abstract State: abstract_7
Current Action: SOUTH
∅  ∅  →  ∅  ∅  ∅  ■  ∅  →  ∅  ∅  ■  ∅  ∅  →  ∅  ∅  →  ∅  ∅  
∅  ∅  →  ∅  ∅  →  ∅  ∅  →  ∅  ∅  →  ∅  ∅  →  ∅  ∅  →  ∅  ■  
↓  ↓  ↓  ↓  ↓  ■  ∅  ∅  ■  ↓  ↓  →  ↓  ↓  →  ↓  ■  →  ↓  ↓  
↓  →  →  ∅  ∅  ∅  ■  ■  ■  ∅  ∅  →  ∅  ∅  →  ∅  ■  →  ∅  ∅  
↓  →  →  ∅  ∅  →  ∅  ∅  ∅  ■  ∅  →  ∅  ∅  ∅  ■  ∅  →  ∅  ∅  
R  ■  →  ↓  ↓  →  ↓  ↓  →  ↓  ∅  →  ↓  ↓  →  ↓  ↓  →  ↓  ↓  
∅  ■  →  ∅  ∅  →  ∅  ∅  →  ∅  ■  →  ∅  ∅  →  ∅  ∅  →  ∅  ∅  
■  ∅  →  ∅  ∅  →  ∅  ∅  →  ∅  ∅  →  ∅  ∅  ■  ∅  ∅  ■  ∅  ∅  
∅  ↓  →  ↓  ■  →  ↓  ↓  →  ↓  ↓  →  ↓  ∅  →  ↓  ∅  →  ↓  ↓  
■  ∅  →  ∅  ∅  →  ∅  ∅  →  ∅  ∅  →  ∅  ■  →  ∅  ■  →  ∅  ∅  
∅  ∅  →  ∅  ∅  →  ∅  ∅  ■  ∅  ∅  →  ∅  ∅  ■  ∅  ∅  ■  ∅  ∅  
∅  ↓  →  ↓  ↓  →  ↓  ∅  →  ↓  ↓  →  ↓  ↓  ↓  ■  ↓  →  ↓  ↓  
■  ∅  →  ∅  ∅  →  ∅  ■  →  ∅  ∅  →  ∅  ∅  →  ∅  ∅  ■  ∅  ∅  
∅  ■  →  ∅  ∅  →  ∅  ■  →  ∅  ■  →  ∅  ∅  ■  ∅  ∅  →  ∅  ∅  
↓  ↓  →  ↓  ↓  →  ↓  ↓  ■  ↓  ↓  →  ↓  ↓  →  ∅  ↓  →  ↓  ↓  
∅  ∅  ■  ∅  ∅  →  ∅  ∅  →  ∅  ∅  →  ∅  ∅  ∅  ■  ∅  →  ∅  ∅  
∅  ∅  →  ∅  ∅  →  ∅  ∅  →  ∅  ∅  →  ∅  ∅  ∅  ■  ∅  →  ∅  ∅  
↓  ■  →  ↓  ↓  →  ↓  ↓  ↓  ↓  ■  ■  ∅  ↓  →  ↓  ■  →  ↓  ↓  
∅  ∅  →  ∅  ∅  →  ∅  ∅  →  ∅  ∅  ∅  ■  ∅  →  ∅  ∅  →  ∅  ↓  
∅  ∅  ∅  ■  ∅  →  ∅  ∅  →  ∅  ∅  →  ∅  ∅  ■  ∅  ∅  →  →  ∅  
========== Simulator =====================================
Current State: 120
Current Abstract State: abstract_7
New Abstract State: abstract_14
Current Action: NORTH
∅  ∅  →  ∅  ∅  ∅  ■  ∅  →  ∅  ∅  ■  ∅  ∅  →  ∅  ∅  →  ∅  ∅  
∅  ∅  →  ∅  ∅  →  ∅  ∅  →  ∅  ∅  →  ∅  ∅  →  ∅  ∅  →  ∅  ■  
↓  ↓  ↓  ↓  ↓  ■  ∅  ∅  ■  ↓  ↓  →  ↓  ↓  →  ↓  ■  →  ↓  ↓  
∅  ∅  →  ∅  ∅  ∅  ■  ■  ■  ∅  ∅  →  ∅  ∅  →  ∅  ■  →  ∅  ∅  
∅  ∅  →  ∅  ∅  →  ∅  ∅  ∅  ■  ∅  →  ∅  ∅  ∅  ■  ∅  →  ∅  ∅  
∅  ■  ↓  ↓  ↓  →  ↓  ↓  →  ↓  ∅  →  ↓  ↓  →  ↓  ↓  →  ↓  ↓  
R  ■  →  ∅  ∅  →  ∅  ∅  →  ∅  ■  →  ∅  ∅  →  ∅  ∅  →  ∅  ∅  
■  →  →  ∅  ∅  →  ∅  ∅  →  ∅  ∅  →  ∅  ∅  ■  ∅  ∅  ■  ∅  ∅  
→  →  →  ↓  ■  →  ↓  ↓  →  ↓  ↓  →  ↓  ∅  →  ↓  ∅  →  ↓  ↓  
■  ∅  →  ∅  ∅  →  ∅  ∅  →  ∅  ∅  →  ∅  ■  →  ∅  ■  →  ∅  ∅  
∅  ∅  →  ∅  ∅  →  ∅  ∅  ■  ∅  ∅  →  ∅  ∅  ■  ∅  ∅  ■  ∅  ∅  
∅  ↓  →  ↓  ↓  →  ↓  ∅  →  ↓  ↓  →  ↓  ↓  ↓  ■  ↓  →  ↓  ↓  
■  ∅  →  ∅  ∅  →  ∅  ■  →  ∅  ∅  →  ∅  ∅  →  ∅  ∅  ■  ∅  ∅  
∅  ■  →  ∅  ∅  →  ∅  ■  →  ∅  ■  →  ∅  ∅  ■  ∅  ∅  →  ∅  ∅  
↓  ↓  →  ↓  ↓  →  ↓  ↓  ■  ↓  ↓  →  ↓  ↓  →  ∅  ↓  →  ↓  ↓  
∅  ∅  ■  ∅  ∅  →  ∅  ∅  →  ∅  ∅  →  ∅  ∅  ∅  ■  ∅  →  ∅  ∅  
∅  ∅  →  ∅  ∅  →  ∅  ∅  →  ∅  ∅  →  ∅  ∅  ∅  ■  ∅  →  ∅  ∅  
↓  ■  →  ↓  ↓  →  ↓  ↓  ↓  ↓  ■  ■  ∅  ↓  →  ↓  ■  →  ↓  ↓  
∅  ∅  →  ∅  ∅  →  ∅  ∅  →  ∅  ∅  ∅  ■  ∅  →  ∅  ∅  →  ∅  ↓  
∅  ∅  ∅  ■  ∅  →  ∅  ∅  →  ∅  ∅  →  ∅  ∅  ■  ∅  ∅  →  →  ∅  
========== Simulator =====================================
Current State: 100
Current Abstract State: abstract_14
New Abstract State: abstract_7
Current Action: SOUTH
∅  ∅  →  ∅  ∅  ∅  ■  ∅  →  ∅  ∅  ■  ∅  ∅  →  ∅  ∅  →  ∅  ∅  
∅  ∅  →  ∅  ∅  →  ∅  ∅  →  ∅  ∅  →  ∅  ∅  →  ∅  ∅  →  ∅  ■  
↓  ↓  ↓  ↓  ↓  ■  ∅  ∅  ■  ↓  ↓  →  ↓  ↓  →  ↓  ■  →  ↓  ↓  
↓  →  →  ∅  ∅  ∅  ■  ■  ■  ∅  ∅  →  ∅  ∅  →  ∅  ■  →  ∅  ∅  
↓  →  →  ∅  ∅  →  ∅  ∅  ∅  ■  ∅  →  ∅  ∅  ∅  ■  ∅  →  ∅  ∅  
R  ■  →  ↓  ↓  →  ↓  ↓  →  ↓  ∅  →  ↓  ↓  →  ↓  ↓  →  ↓  ↓  
∅  ■  →  ∅  ∅  →  ∅  ∅  →  ∅  ■  →  ∅  ∅  →  ∅  ∅  →  ∅  ∅  
■  ∅  →  ∅  ∅  →  ∅  ∅  →  ∅  ∅  →  ∅  ∅  ■  ∅  ∅  ■  ∅  ∅  
∅  ↓  →  ↓  ■  →  ↓  ↓  →  ↓  ↓  →  ↓  ∅  →  ↓  ∅  →  ↓  ↓  
■  ∅  →  ∅  ∅  →  ∅  ∅  →  ∅  ∅  →  ∅  ■  →  ∅  ■  →  ∅  ∅  
∅  ∅  →  ∅  ∅  →  ∅  ∅  ■  ∅  ∅  →  ∅  ∅  ■  ∅  ∅  ■  ∅  ∅  
∅  ↓  →  ↓  ↓  →  ↓  ∅  →  ↓  ↓  →  ↓  ↓  ↓  ■  ↓  →  ↓  ↓  
■  ∅  →  ∅  ∅  →  ∅  ■  →  ∅  ∅  →  ∅  ∅  →  ∅  ∅  ■  ∅  ∅  
∅  ■  →  ∅  ∅  →  ∅  ■  →  ∅  ■  →  ∅  ∅  ■  ∅  ∅  →  ∅  ∅  
↓  ↓  →  ↓  ↓  →  ↓  ↓  ■  ↓  ↓  →  ↓  ↓  →  ∅  ↓  →  ↓  ↓  
∅  ∅  ■  ∅  ∅  →  ∅  ∅  →  ∅  ∅  →  ∅  ∅  ∅  ■  ∅  →  ∅  ∅  
∅  ∅  →  ∅  ∅  →  ∅  ∅  →  ∅  ∅  →  ∅  ∅  ∅  ■  ∅  →  ∅  ∅  
↓  ■  →  ↓  ↓  →  ↓  ↓  ↓  ↓  ■  ■  ∅  ↓  →  ↓  ■  →  ↓  ↓  
∅  ∅  →  ∅  ∅  →  ∅  ∅  →  ∅  ∅  ∅  ■  ∅  →  ∅  ∅  →  ∅  ↓  
∅  ∅  ∅  ■  ∅  →  ∅  ∅  →  ∅  ∅  →  ∅  ∅  ■  ∅  ∅  →  →  ∅  
========== Simulator =====================================
Current State: 120
Current Abstract State: abstract_7
New Abstract State: abstract_14
Current Action: NORTH
∅  ∅  →  ∅  ∅  ∅  ■  ∅  →  ∅  ∅  ■  ∅  ∅  →  ∅  ∅  →  ∅  ∅  
∅  ∅  →  ∅  ∅  →  ∅  ∅  →  ∅  ∅  →  ∅  ∅  →  ∅  ∅  →  ∅  ■  
↓  ↓  ↓  ↓  ↓  ■  ∅  ∅  ■  ↓  ↓  →  ↓  ↓  →  ↓  ■  →  ↓  ↓  
∅  ∅  →  ∅  ∅  ∅  ■  ■  ■  ∅  ∅  →  ∅  ∅  →  ∅  ■  →  ∅  ∅  
∅  ∅  →  ∅  ∅  →  ∅  ∅  ∅  ■  ∅  →  ∅  ∅  ∅  ■  ∅  →  ∅  ∅  
∅  ■  ↓  ↓  ↓  →  ↓  ↓  →  ↓  ∅  →  ↓  ↓  →  ↓  ↓  →  ↓  ↓  
R  ■  →  ∅  ∅  →  ∅  ∅  →  ∅  ■  →  ∅  ∅  →  ∅  ∅  →  ∅  ∅  
■  →  →  ∅  ∅  →  ∅  ∅  →  ∅  ∅  →  ∅  ∅  ■  ∅  ∅  ■  ∅  ∅  
→  →  →  ↓  ■  →  ↓  ↓  →  ↓  ↓  →  ↓  ∅  →  ↓  ∅  →  ↓  ↓  
■  ∅  →  ∅  ∅  →  ∅  ∅  →  ∅  ∅  →  ∅  ■  →  ∅  ■  →  ∅  ∅  
∅  ∅  →  ∅  ∅  →  ∅  ∅  ■  ∅  ∅  →  ∅  ∅  ■  ∅  ∅  ■  ∅  ∅  
∅  ↓  →  ↓  ↓  →  ↓  ∅  →  ↓  ↓  →  ↓  ↓  ↓  ■  ↓  →  ↓  ↓  
■  ∅  →  ∅  ∅  →  ∅  ■  →  ∅  ∅  →  ∅  ∅  →  ∅  ∅  ■  ∅  ∅  
∅  ■  →  ∅  ∅  →  ∅  ■  →  ∅  ■  →  ∅  ∅  ■  ∅  ∅  →  ∅  ∅  
↓  ↓  →  ↓  ↓  →  ↓  ↓  ■  ↓  ↓  →  ↓  ↓  →  ∅  ↓  →  ↓  ↓  
∅  ∅  ■  ∅  ∅  →  ∅  ∅  →  ∅  ∅  →  ∅  ∅  ∅  ■  ∅  →  ∅  ∅  
∅  ∅  →  ∅  ∅  →  ∅  ∅  →  ∅  ∅  →  ∅  ∅  ∅  ■  ∅  →  ∅  ∅  
↓  ■  →  ↓  ↓  →  ↓  ↓  ↓  ↓  ■  ■  ∅  ↓  →  ↓  ■  →  ↓  ↓  
∅  ∅  →  ∅  ∅  →  ∅  ∅  →  ∅  ∅  ∅  ■  ∅  →  ∅  ∅  →  ∅  ↓  
∅  ∅  ∅  ■  ∅  →  ∅  ∅  →  ∅  ∅  →  ∅  ∅  ■  ∅  ∅  →  →  ∅  
========== Simulator =====================================
Current State: 100
Current Abstract State: abstract_14
New Abstract State: abstract_7
Current Action: SOUTH
∅  ∅  →  ∅  ∅  ∅  ■  ∅  →  ∅  ∅  ■  ∅  ∅  →  ∅  ∅  →  ∅  ∅  
∅  ∅  →  ∅  ∅  →  ∅  ∅  →  ∅  ∅  →  ∅  ∅  →  ∅  ∅  →  ∅  ■  
↓  ↓  ↓  ↓  ↓  ■  ∅  ∅  ■  ↓  ↓  →  ↓  ↓  →  ↓  ■  →  ↓  ↓  
↓  →  →  ∅  ∅  ∅  ■  ■  ■  ∅  ∅  →  ∅  ∅  →  ∅  ■  →  ∅  ∅  
↓  →  →  ∅  ∅  →  ∅  ∅  ∅  ■  ∅  →  ∅  ∅  ∅  ■  ∅  →  ∅  ∅  
R  ■  →  ↓  ↓  →  ↓  ↓  →  ↓  ∅  →  ↓  ↓  →  ↓  ↓  →  ↓  ↓  
∅  ■  →  ∅  ∅  →  ∅  ∅  →  ∅  ■  →  ∅  ∅  →  ∅  ∅  →  ∅  ∅  
■  ∅  →  ∅  ∅  →  ∅  ∅  →  ∅  ∅  →  ∅  ∅  ■  ∅  ∅  ■  ∅  ∅  
∅  ↓  →  ↓  ■  →  ↓  ↓  →  ↓  ↓  →  ↓  ∅  →  ↓  ∅  →  ↓  ↓  
■  ∅  →  ∅  ∅  →  ∅  ∅  →  ∅  ∅  →  ∅  ■  →  ∅  ■  →  ∅  ∅  
∅  ∅  →  ∅  ∅  →  ∅  ∅  ■  ∅  ∅  →  ∅  ∅  ■  ∅  ∅  ■  ∅  ∅  
∅  ↓  →  ↓  ↓  →  ↓  ∅  →  ↓  ↓  →  ↓  ↓  ↓  ■  ↓  →  ↓  ↓  
■  ∅  →  ∅  ∅  →  ∅  ■  →  ∅  ∅  →  ∅  ∅  →  ∅  ∅  ■  ∅  ∅  
∅  ■  →  ∅  ∅  →  ∅  ■  →  ∅  ■  →  ∅  ∅  ■  ∅  ∅  →  ∅  ∅  
↓  ↓  →  ↓  ↓  →  ↓  ↓  ■  ↓  ↓  →  ↓  ↓  →  ∅  ↓  →  ↓  ↓  
∅  ∅  ■  ∅  ∅  →  ∅  ∅  →  ∅  ∅  →  ∅  ∅  ∅  ■  ∅  →  ∅  ∅  
∅  ∅  →  ∅  ∅  →  ∅  ∅  →  ∅  ∅  →  ∅  ∅  ∅  ■  ∅  →  ∅  ∅  
↓  ■  →  ↓  ↓  →  ↓  ↓  ↓  ↓  ■  ■  ∅  ↓  →  ↓  ■  →  ↓  ↓  
∅  ∅  →  ∅  ∅  →  ∅  ∅  →  ∅  ∅  ∅  ■  ∅  →  ∅  ∅  →  ∅  ↓  
∅  ∅  ∅  ■  ∅  →  ∅  ∅  →  ∅  ∅  →  ∅  ∅  ■  ∅  ∅  →  →  ∅  
========== Simulator =====================================
Current State: 120
Current Abstract State: abstract_7
New Abstract State: abstract_14
Current Action: NORTH
∅  ∅  →  ∅  ∅  ∅  ■  ∅  →  ∅  ∅  ■  ∅  ∅  →  ∅  ∅  →  ∅  ∅  
∅  ∅  →  ∅  ∅  →  ∅  ∅  →  ∅  ∅  →  ∅  ∅  →  ∅  ∅  →  ∅  ■  
↓  ↓  ↓  ↓  ↓  ■  ∅  ∅  ■  ↓  ↓  →  ↓  ↓  →  ↓  ■  →  ↓  ↓  
∅  ∅  →  ∅  ∅  ∅  ■  ■  ■  ∅  ∅  →  ∅  ∅  →  ∅  ■  →  ∅  ∅  
∅  ∅  →  ∅  ∅  →  ∅  ∅  ∅  ■  ∅  →  ∅  ∅  ∅  ■  ∅  →  ∅  ∅  
∅  ■  ↓  ↓  ↓  →  ↓  ↓  →  ↓  ∅  →  ↓  ↓  →  ↓  ↓  →  ↓  ↓  
R  ■  →  ∅  ∅  →  ∅  ∅  →  ∅  ■  →  ∅  ∅  →  ∅  ∅  →  ∅  ∅  
■  →  →  ∅  ∅  →  ∅  ∅  →  ∅  ∅  →  ∅  ∅  ■  ∅  ∅  ■  ∅  ∅  
→  →  →  ↓  ■  →  ↓  ↓  →  ↓  ↓  →  ↓  ∅  →  ↓  ∅  →  ↓  ↓  
■  ∅  →  ∅  ∅  →  ∅  ∅  →  ∅  ∅  →  ∅  ■  →  ∅  ■  →  ∅  ∅  
∅  ∅  →  ∅  ∅  →  ∅  ∅  ■  ∅  ∅  →  ∅  ∅  ■  ∅  ∅  ■  ∅  ∅  
∅  ↓  →  ↓  ↓  →  ↓  ∅  →  ↓  ↓  →  ↓  ↓  ↓  ■  ↓  →  ↓  ↓  
■  ∅  →  ∅  ∅  →  ∅  ■  →  ∅  ∅  →  ∅  ∅  →  ∅  ∅  ■  ∅  ∅  
∅  ■  →  ∅  ∅  →  ∅  ■  →  ∅  ■  →  ∅  ∅  ■  ∅  ∅  →  ∅  ∅  
↓  ↓  →  ↓  ↓  →  ↓  ↓  ■  ↓  ↓  →  ↓  ↓  →  ∅  ↓  →  ↓  ↓  
∅  ∅  ■  ∅  ∅  →  ∅  ∅  →  ∅  ∅  →  ∅  ∅  ∅  ■  ∅  →  ∅  ∅  
∅  ∅  →  ∅  ∅  →  ∅  ∅  →  ∅  ∅  →  ∅  ∅  ∅  ■  ∅  →  ∅  ∅  
↓  ■  →  ↓  ↓  →  ↓  ↓  ↓  ↓  ■  ■  ∅  ↓  →  ↓  ■  →  ↓  ↓  
∅  ∅  →  ∅  ∅  →  ∅  ∅  →  ∅  ∅  ∅  ■  ∅  →  ∅  ∅  →  ∅  ↓  
∅  ∅  ∅  ■  ∅  →  ∅  ∅  →  ∅  ∅  →  ∅  ∅  ■  ∅  ∅  →  →  ∅  
========== Simulator =====================================
Current State: 100
Current Abstract State: abstract_14
New Abstract State: abstract_7
Traceback (most recent call last):
  File "grid_world_example.py", line 67, in <module>
    main()
  File "grid_world_example.py", line 56, in main
    policy = utils.get_ground_policy(values, ground_mdp, GAMMA)
  File "/Users/justinsvegliato/Documents/Development/policy-sketch-refine/src/utils.py", line 43, in get_ground_policy
    expected_future_reward += ground_mdp.transition_function(state, action, successor_state) * values[successor_state]
KeyboardInterrupt
